[ 2017-03-17T14:05:48+08:00 ] ::1 /project/FirstDemo/index.php/Home/login/comments
INFO: [ app_init ] --START--
INFO: [ app_init ] --END-- [ RunTime:0.000617s ]
INFO: [ path_info ] --START--
INFO: [ path_info ] --END-- [ RunTime:0.000027s ]
INFO: [ app_begin ] --START--
INFO: Run Behavior\ReadHtmlCache [ RunTime:0.000044s ]
INFO: [ app_begin ] --END-- [ RunTime:0.000087s ]
INFO: [ action_begin ] --START--
INFO: [ action_begin ] --END-- [ RunTime:0.000035s ]
SQL: SHOW COLUMNS FROM `user_info` [ RunTime:0.001875s ]
SQL: SELECT * FROM `user_info` ORDER BY `id` 45 LIMIT 20   [ RunTime:0.000136s ]
ERR: 1064:You have an error in your SQL syntax; check the manual that corresponds to your MySQL server version for the right syntax to use near '45 LIMIT 20' at line 1
 [ SQL语句 ] : SELECT * FROM `user_info` ORDER BY `id` 45 LIMIT 20  
INFO: [ app_end ] --START--
INFO: Run Behavior\ShowPageTrace [ RunTime:0.000028s ]
INFO: [ app_end ] --END-- [ RunTime:0.000068s ]

[ 2017-03-17T14:06:32+08:00 ] ::1 /project/FirstDemo/index.php/Home/login/comments
INFO: [ app_init ] --START--
INFO: [ app_init ] --END-- [ RunTime:0.000297s ]
INFO: [ path_info ] --START--
INFO: [ path_info ] --END-- [ RunTime:0.000019s ]
INFO: [ app_begin ] --START--
INFO: Run Behavior\ReadHtmlCache [ RunTime:0.000088s ]
INFO: [ app_begin ] --END-- [ RunTime:0.000154s ]
INFO: [ action_begin ] --START--
INFO: [ action_begin ] --END-- [ RunTime:0.000035s ]
SQL: SHOW COLUMNS FROM `user_info` [ RunTime:0.003941s ]
SQL: SELECT * FROM `user_info` ORDER BY `id` 1 LIMIT 20   [ RunTime:0.000137s ]
ERR: 1064:You have an error in your SQL syntax; check the manual that corresponds to your MySQL server version for the right syntax to use near '1 LIMIT 20' at line 1
 [ SQL语句 ] : SELECT * FROM `user_info` ORDER BY `id` 1 LIMIT 20  
INFO: [ app_end ] --START--
INFO: Run Behavior\ShowPageTrace [ RunTime:0.000028s ]
INFO: [ app_end ] --END-- [ RunTime:0.000069s ]

[ 2017-03-17T14:08:13+08:00 ] ::1 /project/FirstDemo/index.php/Home/login/comments
INFO: [ app_init ] --START--
INFO: [ app_init ] --END-- [ RunTime:0.000311s ]
INFO: [ path_info ] --START--
INFO: [ path_info ] --END-- [ RunTime:0.000018s ]
INFO: [ app_begin ] --START--
INFO: Run Behavior\ReadHtmlCache [ RunTime:0.000042s ]
INFO: [ app_begin ] --END-- [ RunTime:0.000083s ]
INFO: [ action_begin ] --START--
INFO: [ action_begin ] --END-- [ RunTime:0.000032s ]
SQL: SHOW COLUMNS FROM `user_info` [ RunTime:0.001651s ]
SQL: SELECT * FROM `user_info` ORDER BY id LIMIT 20   [ RunTime:0.000271s ]
INFO: [ app_end ] --START--
INFO: Run Behavior\ShowPageTrace [ RunTime:0.000028s ]
INFO: [ app_end ] --END-- [ RunTime:0.000076s ]

[ 2017-03-17T14:12:01+08:00 ] ::1 /project/FirstDemo/index.php/Home/login/comments
INFO: [ app_init ] --START--
INFO: [ app_init ] --END-- [ RunTime:0.000340s ]
INFO: [ path_info ] --START--
INFO: [ path_info ] --END-- [ RunTime:0.000021s ]
INFO: [ app_begin ] --START--
INFO: Run Behavior\ReadHtmlCache [ RunTime:0.000042s ]
INFO: [ app_begin ] --END-- [ RunTime:0.000084s ]
INFO: [ action_begin ] --START--
INFO: [ action_begin ] --END-- [ RunTime:0.000028s ]
SQL: SHOW COLUMNS FROM `user_comment` [ RunTime:0.001584s ]
SQL: SELECT * FROM `user_comment` WHERE ( `id` = 45 ) ORDER BY id LIMIT 20   [ RunTime:0.000595s ]
INFO: [ app_end ] --START--
INFO: Run Behavior\ShowPageTrace [ RunTime:0.000029s ]
INFO: [ app_end ] --END-- [ RunTime:0.000070s ]

[ 2017-03-17T14:13:56+08:00 ] ::1 /project/FirstDemo/index.php/Home/login/comments
INFO: [ app_init ] --START--
INFO: [ app_init ] --END-- [ RunTime:0.000473s ]
INFO: [ path_info ] --START--
INFO: [ path_info ] --END-- [ RunTime:0.000033s ]
INFO: [ app_begin ] --START--
INFO: Run Behavior\ReadHtmlCache [ RunTime:0.000071s ]
INFO: [ app_begin ] --END-- [ RunTime:0.000162s ]
INFO: [ action_begin ] --START--
INFO: [ action_begin ] --END-- [ RunTime:0.000029s ]
SQL: SHOW COLUMNS FROM `user_comment` [ RunTime:0.001395s ]
SQL: SELECT * FROM `user_comment` WHERE ( `id` = 45 ) ORDER BY id,id LIMIT 20   [ RunTime:0.000243s ]
INFO: [ app_end ] --START--
INFO: Run Behavior\ShowPageTrace [ RunTime:0.000028s ]
INFO: [ app_end ] --END-- [ RunTime:0.000069s ]

[ 2017-03-17T14:14:19+08:00 ] ::1 /project/FirstDemo/index.php/Home/login/comments
INFO: [ app_init ] --START--
INFO: [ app_init ] --END-- [ RunTime:0.000376s ]
INFO: [ path_info ] --START--
INFO: [ path_info ] --END-- [ RunTime:0.000026s ]
INFO: [ app_begin ] --START--
INFO: Run Behavior\ReadHtmlCache [ RunTime:0.000047s ]
INFO: [ app_begin ] --END-- [ RunTime:0.000100s ]
INFO: [ action_begin ] --START--
INFO: [ action_begin ] --END-- [ RunTime:0.000051s ]
SQL: SHOW COLUMNS FROM `user_info` [ RunTime:0.005088s ]
SQL: SELECT * FROM `user_info` WHERE ( `id` = 4 ) ORDER BY id LIMIT 20   [ RunTime:0.000281s ]
INFO: [ app_end ] --START--
INFO: Run Behavior\ShowPageTrace [ RunTime:0.000028s ]
INFO: [ app_end ] --END-- [ RunTime:0.000071s ]

[ 2017-03-17T14:14:59+08:00 ] ::1 /project/FirstDemo/index.php/Home/login/comments
INFO: [ app_init ] --START--
INFO: [ app_init ] --END-- [ RunTime:0.000392s ]
INFO: [ path_info ] --START--
INFO: [ path_info ] --END-- [ RunTime:0.000030s ]
INFO: [ app_begin ] --START--
INFO: Run Behavior\ReadHtmlCache [ RunTime:0.000051s ]
INFO: [ app_begin ] --END-- [ RunTime:0.000121s ]
INFO: [ action_begin ] --START--
INFO: [ action_begin ] --END-- [ RunTime:0.000038s ]
SQL: SHOW COLUMNS FROM `user_info` [ RunTime:0.001366s ]
SQL: SELECT * FROM `user_info` ORDER BY id LIMIT 20   [ RunTime:0.000460s ]
INFO: [ app_end ] --START--
INFO: Run Behavior\ShowPageTrace [ RunTime:0.000041s ]
INFO: [ app_end ] --END-- [ RunTime:0.000135s ]

[ 2017-03-17T14:16:35+08:00 ] ::1 /project/FirstDemo/index.php/Home/login/comments
INFO: [ app_init ] --START--
INFO: [ app_init ] --END-- [ RunTime:0.000393s ]
INFO: [ path_info ] --START--
INFO: [ path_info ] --END-- [ RunTime:0.000028s ]
INFO: [ app_begin ] --START--
INFO: Run Behavior\ReadHtmlCache [ RunTime:0.000049s ]
INFO: [ app_begin ] --END-- [ RunTime:0.000119s ]
INFO: [ action_begin ] --START--
INFO: [ action_begin ] --END-- [ RunTime:0.000047s ]
SQL: SHOW COLUMNS FROM `user_info` [ RunTime:0.005798s ]
SQL: SELECT * FROM `user_info` ORDER BY id desc LIMIT 20   [ RunTime:0.000356s ]
INFO: [ app_end ] --START--
INFO: Run Behavior\ShowPageTrace [ RunTime:0.000030s ]
INFO: [ app_end ] --END-- [ RunTime:0.000080s ]

[ 2017-03-17T14:16:51+08:00 ] ::1 /project/FirstDemo/index.php/Home/login/comments
INFO: [ app_init ] --START--
INFO: [ app_init ] --END-- [ RunTime:0.000281s ]
INFO: [ path_info ] --START--
INFO: [ path_info ] --END-- [ RunTime:0.000018s ]
INFO: [ app_begin ] --START--
INFO: Run Behavior\ReadHtmlCache [ RunTime:0.000029s ]
INFO: [ app_begin ] --END-- [ RunTime:0.000068s ]
INFO: [ action_begin ] --START--
INFO: [ action_begin ] --END-- [ RunTime:0.000032s ]
SQL: SHOW COLUMNS FROM `user_info` [ RunTime:0.005417s ]
SQL: SELECT * FROM `user_info` ORDER BY id LIMIT 20   [ RunTime:0.000230s ]
INFO: [ app_end ] --START--
INFO: Run Behavior\ShowPageTrace [ RunTime:0.000028s ]
INFO: [ app_end ] --END-- [ RunTime:0.000069s ]

[ 2017-03-17T14:17:11+08:00 ] ::1 /project/FirstDemo/index.php/Home/login/comments
INFO: [ app_init ] --START--
INFO: [ app_init ] --END-- [ RunTime:0.000351s ]
INFO: [ path_info ] --START--
INFO: [ path_info ] --END-- [ RunTime:0.000019s ]
INFO: [ app_begin ] --START--
INFO: Run Behavior\ReadHtmlCache [ RunTime:0.000032s ]
INFO: [ app_begin ] --END-- [ RunTime:0.000073s ]
INFO: [ action_begin ] --START--
INFO: [ action_begin ] --END-- [ RunTime:0.000023s ]
SQL: SHOW COLUMNS FROM `user_info` [ RunTime:0.006000s ]
SQL: SELECT * FROM `user_info` ORDER BY id=46 LIMIT 20   [ RunTime:0.000606s ]
INFO: [ app_end ] --START--
INFO: Run Behavior\ShowPageTrace [ RunTime:0.000028s ]
INFO: [ app_end ] --END-- [ RunTime:0.000074s ]

[ 2017-03-17T14:51:53+08:00 ] ::1 /project/FirstDemo/index.php/Home/login/comments
INFO: [ app_init ] --START--
INFO: [ app_init ] --END-- [ RunTime:0.000287s ]
INFO: [ path_info ] --START--
INFO: [ path_info ] --END-- [ RunTime:0.000019s ]
INFO: [ app_begin ] --START--
INFO: Run Behavior\ReadHtmlCache [ RunTime:0.000030s ]
INFO: [ app_begin ] --END-- [ RunTime:0.000069s ]
INFO: [ action_begin ] --START--
INFO: [ action_begin ] --END-- [ RunTime:0.000029s ]
SQL: SHOW COLUMNS FROM `user_info` [ RunTime:0.001386s ]
SQL: SELECT * FROM `user_info` WHERE ( `id` >= '4' ) LIMIT 20   [ RunTime:0.000887s ]
INFO: [ app_end ] --START--
INFO: Run Behavior\ShowPageTrace [ RunTime:0.000043s ]
INFO: [ app_end ] --END-- [ RunTime:0.000100s ]

[ 2017-03-17T14:51:58+08:00 ] ::1 /project/FirstDemo/index.php/Home/login/comments
INFO: [ app_init ] --START--
INFO: [ app_init ] --END-- [ RunTime:0.000244s ]
INFO: [ path_info ] --START--
INFO: [ path_info ] --END-- [ RunTime:0.000018s ]
INFO: [ app_begin ] --START--
INFO: Run Behavior\ReadHtmlCache [ RunTime:0.000030s ]
INFO: [ app_begin ] --END-- [ RunTime:0.000066s ]
INFO: [ action_begin ] --START--
INFO: [ action_begin ] --END-- [ RunTime:0.000020s ]
SQL: SHOW COLUMNS FROM `user_info` [ RunTime:0.001366s ]
SQL: SELECT * FROM `user_info` WHERE ( `id` >= '6' ) LIMIT 20   [ RunTime:0.000286s ]
INFO: [ app_end ] --START--
INFO: Run Behavior\ShowPageTrace [ RunTime:0.000028s ]
INFO: [ app_end ] --END-- [ RunTime:0.000071s ]

[ 2017-03-17T14:56:40+08:00 ] ::1 /project/FirstDemo/index.php/Home/login/comments
INFO: [ app_init ] --START--
INFO: [ app_init ] --END-- [ RunTime:0.000244s ]
INFO: [ path_info ] --START--
INFO: [ path_info ] --END-- [ RunTime:0.000019s ]
INFO: [ app_begin ] --START--
INFO: Run Behavior\ReadHtmlCache [ RunTime:0.000031s ]
INFO: [ app_begin ] --END-- [ RunTime:0.000071s ]
INFO: [ action_begin ] --START--
INFO: [ action_begin ] --END-- [ RunTime:0.000023s ]
SQL: SHOW COLUMNS FROM `user_info` [ RunTime:0.001398s ]
SQL: SELECT * FROM `user_info` WHERE ( `id` = 46 ) ORDER BY id LIMIT 2   [ RunTime:0.000269s ]
INFO: [ app_end ] --START--
INFO: Run Behavior\ShowPageTrace [ RunTime:0.000028s ]
INFO: [ app_end ] --END-- [ RunTime:0.000070s ]

[ 2017-03-17T14:57:31+08:00 ] ::1 /project/FirstDemo/index.php/Home/login/comments
INFO: [ app_init ] --START--
INFO: [ app_init ] --END-- [ RunTime:0.000359s ]
INFO: [ path_info ] --START--
INFO: [ path_info ] --END-- [ RunTime:0.000023s ]
INFO: [ app_begin ] --START--
INFO: Run Behavior\ReadHtmlCache [ RunTime:0.000034s ]
INFO: [ app_begin ] --END-- [ RunTime:0.000082s ]
INFO: [ action_begin ] --START--
INFO: [ action_begin ] --END-- [ RunTime:0.000032s ]
SQL: SHOW COLUMNS FROM `user_info` [ RunTime:0.001280s ]
SQL: SELECT * FROM `user_info` WHERE ( `id` = 46 ) ORDER BY id,asc LIMIT 2   [ RunTime:0.000131s ]
ERR: 1064:You have an error in your SQL syntax; check the manual that corresponds to your MySQL server version for the right syntax to use near 'asc LIMIT 2' at line 1
 [ SQL语句 ] : SELECT * FROM `user_info` WHERE ( `id` = 46 ) ORDER BY id,asc LIMIT 2  
INFO: [ app_end ] --START--
INFO: Run Behavior\ShowPageTrace [ RunTime:0.000028s ]
INFO: [ app_end ] --END-- [ RunTime:0.000068s ]

[ 2017-03-17T14:57:52+08:00 ] ::1 /project/FirstDemo/index.php/Home/login/comments
INFO: [ app_init ] --START--
INFO: [ app_init ] --END-- [ RunTime:0.000347s ]
INFO: [ path_info ] --START--
INFO: [ path_info ] --END-- [ RunTime:0.000019s ]
INFO: [ app_begin ] --START--
INFO: Run Behavior\ReadHtmlCache [ RunTime:0.000030s ]
INFO: [ app_begin ] --END-- [ RunTime:0.000069s ]
INFO: [ action_begin ] --START--
INFO: [ action_begin ] --END-- [ RunTime:0.000021s ]
SQL: SHOW COLUMNS FROM `user_info` [ RunTime:0.001435s ]
SQL: SELECT * FROM `user_info` WHERE ( `id` = 46 ) ORDER BY id asc LIMIT 2   [ RunTime:0.000259s ]
INFO: [ app_end ] --START--
INFO: Run Behavior\ShowPageTrace [ RunTime:0.000027s ]
INFO: [ app_end ] --END-- [ RunTime:0.000070s ]

[ 2017-03-17T14:58:02+08:00 ] ::1 /project/FirstDemo/index.php/Home/login/comments
INFO: [ app_init ] --START--
INFO: [ app_init ] --END-- [ RunTime:0.000283s ]
INFO: [ path_info ] --START--
INFO: [ path_info ] --END-- [ RunTime:0.000018s ]
INFO: [ app_begin ] --START--
INFO: Run Behavior\ReadHtmlCache [ RunTime:0.000032s ]
INFO: [ app_begin ] --END-- [ RunTime:0.000072s ]
INFO: [ action_begin ] --START--
INFO: [ action_begin ] --END-- [ RunTime:0.000024s ]
SQL: SHOW COLUMNS FROM `user_info` [ RunTime:0.005440s ]
SQL: SELECT * FROM `user_info` WHERE ( `id` = 45 ) ORDER BY id asc LIMIT 2   [ RunTime:0.000300s ]
INFO: [ app_end ] --START--
INFO: Run Behavior\ShowPageTrace [ RunTime:0.000030s ]
INFO: [ app_end ] --END-- [ RunTime:0.000076s ]

[ 2017-03-17T15:00:06+08:00 ] ::1 /project/FirstDemo/index.php/Home/login/comments
INFO: [ app_init ] --START--
INFO: [ app_init ] --END-- [ RunTime:0.000545s ]
INFO: [ path_info ] --START--
INFO: [ path_info ] --END-- [ RunTime:0.000021s ]
INFO: [ app_begin ] --START--
INFO: Run Behavior\ReadHtmlCache [ RunTime:0.000032s ]
INFO: [ app_begin ] --END-- [ RunTime:0.000080s ]
INFO: [ action_begin ] --START--
INFO: [ action_begin ] --END-- [ RunTime:0.000025s ]
SQL: SHOW COLUMNS FROM `user_info` [ RunTime:0.002466s ]
SQL: SELECT * FROM `user_info` WHERE ( `id` = 45 ) ORDER BY id asc,id LIMIT 2   [ RunTime:0.000289s ]
INFO: [ app_end ] --START--
INFO: Run Behavior\ShowPageTrace [ RunTime:0.000028s ]
INFO: [ app_end ] --END-- [ RunTime:0.000071s ]

[ 2017-03-17T15:18:55+08:00 ] ::1 /project/FirstDemo/index.php/Home/login/comments
INFO: [ app_init ] --START--
INFO: [ app_init ] --END-- [ RunTime:0.000260s ]
INFO: [ path_info ] --START--
INFO: [ path_info ] --END-- [ RunTime:0.000017s ]
INFO: [ app_begin ] --START--
INFO: Run Behavior\ReadHtmlCache [ RunTime:0.000031s ]
INFO: [ app_begin ] --END-- [ RunTime:0.000069s ]
INFO: [ action_begin ] --START--
INFO: [ action_begin ] --END-- [ RunTime:0.000031s ]
SQL: SHOW COLUMNS FROM `user_info` [ RunTime:0.001338s ]
SQL: SELECT * FROM `user_info` WHERE ( `id` >= '45' )  [ RunTime:0.000282s ]
INFO: [ app_end ] --START--
INFO: Run Behavior\ShowPageTrace [ RunTime:0.000028s ]
INFO: [ app_end ] --END-- [ RunTime:0.000070s ]

[ 2017-03-17T15:19:00+08:00 ] ::1 /project/FirstDemo/index.php/Home/login/comments
INFO: [ app_init ] --START--
INFO: [ app_init ] --END-- [ RunTime:0.000466s ]
INFO: [ path_info ] --START--
INFO: [ path_info ] --END-- [ RunTime:0.000022s ]
INFO: [ app_begin ] --START--
INFO: Run Behavior\ReadHtmlCache [ RunTime:0.000033s ]
INFO: [ app_begin ] --END-- [ RunTime:0.000126s ]
INFO: [ action_begin ] --START--
INFO: [ action_begin ] --END-- [ RunTime:0.000030s ]
SQL: SHOW COLUMNS FROM `user_info` [ RunTime:0.001352s ]
SQL: SELECT * FROM `user_info` WHERE ( `id` >= '46' )  [ RunTime:0.000382s ]
INFO: [ app_end ] --START--
INFO: Run Behavior\ShowPageTrace [ RunTime:0.000047s ]
INFO: [ app_end ] --END-- [ RunTime:0.000115s ]

[ 2017-03-17T15:19:25+08:00 ] ::1 /project/FirstDemo/index.php/Home/login/comments
INFO: [ app_init ] --START--
INFO: [ app_init ] --END-- [ RunTime:0.000268s ]
INFO: [ path_info ] --START--
INFO: [ path_info ] --END-- [ RunTime:0.000028s ]
INFO: [ app_begin ] --START--
INFO: Run Behavior\ReadHtmlCache [ RunTime:0.000032s ]
INFO: [ app_begin ] --END-- [ RunTime:0.000074s ]
INFO: [ action_begin ] --START--
INFO: [ action_begin ] --END-- [ RunTime:0.000026s ]
SQL: SHOW COLUMNS FROM `user_info` [ RunTime:0.001495s ]
SQL: SELECT * FROM `user_info` WHERE ( `id` >= '46' ) LIMIT 2   [ RunTime:0.000286s ]
INFO: [ app_end ] --START--
INFO: Run Behavior\ShowPageTrace [ RunTime:0.000028s ]
INFO: [ app_end ] --END-- [ RunTime:0.000071s ]

[ 2017-03-17T15:19:33+08:00 ] ::1 /project/FirstDemo/index.php/Home/login/comments
INFO: [ app_init ] --START--
INFO: [ app_init ] --END-- [ RunTime:0.000450s ]
INFO: [ path_info ] --START--
INFO: [ path_info ] --END-- [ RunTime:0.000031s ]
INFO: [ app_begin ] --START--
INFO: Run Behavior\ReadHtmlCache [ RunTime:0.000051s ]
INFO: [ app_begin ] --END-- [ RunTime:0.000121s ]
INFO: [ action_begin ] --START--
INFO: [ action_begin ] --END-- [ RunTime:0.000049s ]
SQL: SHOW COLUMNS FROM `user_info` [ RunTime:0.001491s ]
SQL: SELECT * FROM `user_info` WHERE ( `id` >= '45' ) LIMIT 2   [ RunTime:0.000299s ]
INFO: [ app_end ] --START--
INFO: Run Behavior\ShowPageTrace [ RunTime:0.000028s ]
INFO: [ app_end ] --END-- [ RunTime:0.000069s ]

[ 2017-03-17T17:28:01+08:00 ] ::1 /project/FirstDemo/index.php/Home/login/userSign
INFO: [ app_init ] --START--
INFO: [ app_init ] --END-- [ RunTime:0.000656s ]
INFO: [ path_info ] --START--
INFO: [ path_info ] --END-- [ RunTime:0.000027s ]
INFO: [ app_begin ] --START--
INFO: Run Behavior\ReadHtmlCache [ RunTime:0.000043s ]
INFO: [ app_begin ] --END-- [ RunTime:0.000102s ]
INFO: [ action_begin ] --START--
INFO: [ action_begin ] --END-- [ RunTime:0.000031s ]
SQL: SHOW COLUMNS FROM `user_info` [ RunTime:0.001980s ]
SQL: SELECT `count` FROM `user_info` WHERE ( `id` = 45 )  [ RunTime:0.000247s ]
NOTIC: [8] Array to string conversion /Applications/AMPPS/www/project/FirstDemo/Home/Controller/LoginController.class.php 第 131 行.
INFO: [ app_end ] --START--
INFO: Run Behavior\ShowPageTrace [ RunTime:0.000026s ]
INFO: [ app_end ] --END-- [ RunTime:0.000066s ]

[ 2017-03-17T17:28:45+08:00 ] ::1 /project/FirstDemo/index.php/Home/login/userSign
INFO: [ app_init ] --START--
INFO: [ app_init ] --END-- [ RunTime:0.000461s ]
INFO: [ path_info ] --START--
INFO: [ path_info ] --END-- [ RunTime:0.000047s ]
INFO: [ app_begin ] --START--
INFO: Run Behavior\ReadHtmlCache [ RunTime:0.000035s ]
INFO: [ app_begin ] --END-- [ RunTime:0.000084s ]
INFO: [ action_begin ] --START--
INFO: [ action_begin ] --END-- [ RunTime:0.000026s ]
SQL: SHOW COLUMNS FROM `user_info` [ RunTime:0.004913s ]
SQL: SELECT `count` FROM `user_info` WHERE ( `id` = 45 )  [ RunTime:0.000245s ]
INFO: [ app_end ] --START--
INFO: Run Behavior\ShowPageTrace [ RunTime:0.000028s ]
INFO: [ app_end ] --END-- [ RunTime:0.000077s ]

[ 2017-03-17T17:28:58+08:00 ] ::1 /project/FirstDemo/index.php/Home/login/userSign
INFO: [ app_init ] --START--
INFO: [ app_init ] --END-- [ RunTime:0.000410s ]
INFO: [ path_info ] --START--
INFO: [ path_info ] --END-- [ RunTime:0.000037s ]
INFO: [ app_begin ] --START--
INFO: Run Behavior\ReadHtmlCache [ RunTime:0.000048s ]
INFO: [ app_begin ] --END-- [ RunTime:0.000120s ]
INFO: [ action_begin ] --START--
INFO: [ action_begin ] --END-- [ RunTime:0.000040s ]
SQL: SHOW COLUMNS FROM `user_info` [ RunTime:0.001323s ]
SQL: SELECT `count` FROM `user_info` WHERE ( `id` = 45 ) LIMIT 1   [ RunTime:0.000224s ]
INFO: [ app_end ] --START--
INFO: Run Behavior\ShowPageTrace [ RunTime:0.000028s ]
INFO: [ app_end ] --END-- [ RunTime:0.000072s ]

[ 2017-03-17T17:36:22+08:00 ] ::1 /project/FirstDemo/index.php/Home/login/userSign
INFO: [ app_init ] --START--
INFO: [ app_init ] --END-- [ RunTime:0.000395s ]
INFO: [ path_info ] --START--
INFO: [ path_info ] --END-- [ RunTime:0.000029s ]
INFO: [ app_begin ] --START--
INFO: Run Behavior\ReadHtmlCache [ RunTime:0.000048s ]
INFO: [ app_begin ] --END-- [ RunTime:0.000102s ]
INFO: [ action_begin ] --START--
INFO: [ action_begin ] --END-- [ RunTime:0.000027s ]
SQL: SHOW COLUMNS FROM `user_info` [ RunTime:0.003052s ]
SQL: SELECT `count` FROM `user_info` WHERE ( `id` = 45 ) LIMIT 1   [ RunTime:0.000303s ]
INFO: [ app_end ] --START--
INFO: Run Behavior\ShowPageTrace [ RunTime:0.000042s ]
INFO: [ app_end ] --END-- [ RunTime:0.000106s ]

[ 2017-03-17T17:37:05+08:00 ] ::1 /project/FirstDemo/index.php/Home/login/userSign
INFO: [ app_init ] --START--
INFO: [ app_init ] --END-- [ RunTime:0.000246s ]
INFO: [ path_info ] --START--
INFO: [ path_info ] --END-- [ RunTime:0.000028s ]
INFO: [ app_begin ] --START--
INFO: Run Behavior\ReadHtmlCache [ RunTime:0.000032s ]
INFO: [ app_begin ] --END-- [ RunTime:0.000074s ]
INFO: [ action_begin ] --START--
INFO: [ action_begin ] --END-- [ RunTime:0.000029s ]
SQL: SHOW COLUMNS FROM `user_info` [ RunTime:0.001333s ]
SQL: SELECT `count` FROM `user_info` WHERE ( `id` = 45 ) LIMIT 1   [ RunTime:0.000231s ]
SQL: UPDATE `user_info` SET `signTime`='2017-3-17',`count`=4 WHERE ( 45 ) [ RunTime:0.002272s ]
INFO: [ app_end ] --START--
INFO: Run Behavior\ShowPageTrace [ RunTime:0.000030s ]
INFO: [ app_end ] --END-- [ RunTime:0.000071s ]

[ 2017-03-17T17:42:39+08:00 ] ::1 /project/FirstDemo/index.php/Home/login/userSign
INFO: [ app_init ] --START--
INFO: [ app_init ] --END-- [ RunTime:0.000339s ]
INFO: [ path_info ] --START--
INFO: [ path_info ] --END-- [ RunTime:0.000026s ]
INFO: [ app_begin ] --START--
INFO: Run Behavior\ReadHtmlCache [ RunTime:0.000030s ]
INFO: [ app_begin ] --END-- [ RunTime:0.000080s ]
INFO: [ action_begin ] --START--
INFO: [ action_begin ] --END-- [ RunTime:0.000021s ]
SQL: SHOW COLUMNS FROM `user_info` [ RunTime:0.006032s ]
SQL: SELECT `signTime` FROM `user_info` WHERE ( `id` = 45 ) LIMIT 1   [ RunTime:0.000254s ]
INFO: [ app_end ] --START--
INFO: Run Behavior\ShowPageTrace [ RunTime:0.000029s ]
INFO: [ app_end ] --END-- [ RunTime:0.000078s ]

[ 2017-03-17T17:43:45+08:00 ] ::1 /project/FirstDemo/index.php/Home/login/userSign
INFO: [ app_init ] --START--
INFO: [ app_init ] --END-- [ RunTime:0.000343s ]
INFO: [ path_info ] --START--
INFO: [ path_info ] --END-- [ RunTime:0.000029s ]
INFO: [ app_begin ] --START--
INFO: Run Behavior\ReadHtmlCache [ RunTime:0.000046s ]
INFO: [ app_begin ] --END-- [ RunTime:0.000112s ]
INFO: [ action_begin ] --START--
INFO: [ action_begin ] --END-- [ RunTime:0.000055s ]
INFO: [ app_end ] --START--
INFO: Run Behavior\ShowPageTrace [ RunTime:0.000046s ]
INFO: [ app_end ] --END-- [ RunTime:0.000115s ]

[ 2017-03-17T17:43:58+08:00 ] ::1 /project/FirstDemo/index.php/Home/login/userSign
INFO: [ app_init ] --START--
INFO: [ app_init ] --END-- [ RunTime:0.000264s ]
INFO: [ path_info ] --START--
INFO: [ path_info ] --END-- [ RunTime:0.000018s ]
INFO: [ app_begin ] --START--
INFO: Run Behavior\ReadHtmlCache [ RunTime:0.000031s ]
INFO: [ app_begin ] --END-- [ RunTime:0.000070s ]
INFO: [ action_begin ] --START--
INFO: [ action_begin ] --END-- [ RunTime:0.000025s ]
SQL: SHOW COLUMNS FROM `user_info` [ RunTime:0.005771s ]
SQL: SELECT `signTime` FROM `user_info` WHERE ( `id` = 45 ) LIMIT 1   [ RunTime:0.000305s ]
INFO: [ app_end ] --START--
INFO: Run Behavior\ShowPageTrace [ RunTime:0.000028s ]
INFO: [ app_end ] --END-- [ RunTime:0.000072s ]

