[ 2017-04-10T12:52:36+08:00 ] ::1 /project/FirstDemo/
INFO: [ app_init ] --START--
INFO: [ app_init ] --END-- [ RunTime:0.000752s ]
INFO: [ app_begin ] --START--
INFO: Run Behavior\ReadHtmlCache [ RunTime:0.000080s ]
INFO: [ app_begin ] --END-- [ RunTime:0.000192s ]
INFO: [ action_begin ] --START--
INFO: [ action_begin ] --END-- [ RunTime:0.000040s ]

[ 2017-04-10T12:53:07+08:00 ] ::1 /project/FirstDemo/index.php/home/login/loginBase
INFO: [ app_init ] --START--
INFO: [ app_init ] --END-- [ RunTime:0.000525s ]
INFO: [ path_info ] --START--
INFO: [ path_info ] --END-- [ RunTime:0.000018s ]
INFO: [ app_begin ] --START--
INFO: Run Behavior\ReadHtmlCache [ RunTime:0.000042s ]
INFO: [ app_begin ] --END-- [ RunTime:0.000085s ]
INFO: [ action_begin ] --START--
INFO: [ action_begin ] --END-- [ RunTime:0.000026s ]
INFO: [ view_begin ] --START--
INFO: [ view_begin ] --END-- [ RunTime:0.000017s ]
INFO: [ view_parse ] --START--
INFO: [ template_filter ] --START--
INFO: Run Behavior\ContentReplace [ RunTime:0.000049s ]
INFO: [ template_filter ] --END-- [ RunTime:0.000103s ]
INFO: Run Behavior\ParseTemplate [ RunTime:0.011310s ]
INFO: [ view_parse ] --END-- [ RunTime:0.011409s ]
INFO: [ view_filter ] --START--
INFO: Run Behavior\WriteHtmlCache [ RunTime:0.000017s ]
INFO: [ view_filter ] --END-- [ RunTime:0.000068s ]
INFO: [ view_end ] --START--
INFO: [ view_end ] --END-- [ RunTime:0.000023s ]
INFO: [ app_end ] --START--
INFO: Run Behavior\ShowPageTrace [ RunTime:0.000038s ]
INFO: [ app_end ] --END-- [ RunTime:0.000080s ]

[ 2017-04-10T12:53:41+08:00 ] ::1 /project/FirstDemo/index.php/home/login/loginBase
INFO: [ app_init ] --START--
INFO: [ app_init ] --END-- [ RunTime:0.000249s ]
INFO: [ path_info ] --START--
INFO: [ path_info ] --END-- [ RunTime:0.000033s ]
INFO: [ app_begin ] --START--
INFO: Run Behavior\ReadHtmlCache [ RunTime:0.000040s ]
INFO: [ app_begin ] --END-- [ RunTime:0.000084s ]
INFO: [ action_begin ] --START--
INFO: [ action_begin ] --END-- [ RunTime:0.000040s ]
INFO: [ view_begin ] --START--
INFO: [ view_begin ] --END-- [ RunTime:0.000018s ]
INFO: [ view_parse ] --START--
INFO: [ template_filter ] --START--
INFO: Run Behavior\ContentReplace [ RunTime:0.000053s ]
INFO: [ template_filter ] --END-- [ RunTime:0.000117s ]
INFO: Run Behavior\ParseTemplate [ RunTime:0.006320s ]
INFO: [ view_parse ] --END-- [ RunTime:0.006376s ]
INFO: [ view_filter ] --START--
INFO: Run Behavior\WriteHtmlCache [ RunTime:0.000010s ]
INFO: [ view_filter ] --END-- [ RunTime:0.000041s ]
INFO: [ view_end ] --START--
INFO: [ view_end ] --END-- [ RunTime:0.000013s ]
INFO: [ app_end ] --START--
INFO: Run Behavior\ShowPageTrace [ RunTime:0.000023s ]
INFO: [ app_end ] --END-- [ RunTime:0.000052s ]

[ 2017-04-10T12:53:42+08:00 ] ::1 /project/FirstDemo/index.php/home/login/loginBase
INFO: [ app_init ] --START--
INFO: [ app_init ] --END-- [ RunTime:0.000213s ]
INFO: [ path_info ] --START--
INFO: [ path_info ] --END-- [ RunTime:0.000017s ]
INFO: [ app_begin ] --START--
INFO: Run Behavior\ReadHtmlCache [ RunTime:0.000027s ]
INFO: [ app_begin ] --END-- [ RunTime:0.000062s ]
INFO: [ action_begin ] --START--
INFO: [ action_begin ] --END-- [ RunTime:0.000019s ]
INFO: [ view_begin ] --START--
INFO: [ view_begin ] --END-- [ RunTime:0.000015s ]
INFO: [ view_parse ] --START--
INFO: [ template_filter ] --START--
INFO: Run Behavior\ContentReplace [ RunTime:0.000041s ]
INFO: [ template_filter ] --END-- [ RunTime:0.000088s ]
INFO: Run Behavior\ParseTemplate [ RunTime:0.004365s ]
INFO: [ view_parse ] --END-- [ RunTime:0.004403s ]
INFO: [ view_filter ] --START--
INFO: Run Behavior\WriteHtmlCache [ RunTime:0.000009s ]
INFO: [ view_filter ] --END-- [ RunTime:0.000038s ]
INFO: [ view_end ] --START--
INFO: [ view_end ] --END-- [ RunTime:0.000013s ]
INFO: [ app_end ] --START--
INFO: Run Behavior\ShowPageTrace [ RunTime:0.000021s ]
INFO: [ app_end ] --END-- [ RunTime:0.000050s ]

[ 2017-04-10T12:53:43+08:00 ] ::1 /project/FirstDemo/index.php/home/login/loginBase
INFO: [ app_init ] --START--
INFO: [ app_init ] --END-- [ RunTime:0.000214s ]
INFO: [ path_info ] --START--
INFO: [ path_info ] --END-- [ RunTime:0.000016s ]
INFO: [ app_begin ] --START--
INFO: Run Behavior\ReadHtmlCache [ RunTime:0.000028s ]
INFO: [ app_begin ] --END-- [ RunTime:0.000061s ]
INFO: [ action_begin ] --START--
INFO: [ action_begin ] --END-- [ RunTime:0.000019s ]
INFO: [ view_begin ] --START--
INFO: [ view_begin ] --END-- [ RunTime:0.000014s ]
INFO: [ view_parse ] --START--
INFO: [ template_filter ] --START--
INFO: Run Behavior\ContentReplace [ RunTime:0.000038s ]
INFO: [ template_filter ] --END-- [ RunTime:0.000079s ]
INFO: Run Behavior\ParseTemplate [ RunTime:0.004247s ]
INFO: [ view_parse ] --END-- [ RunTime:0.004285s ]
INFO: [ view_filter ] --START--
INFO: Run Behavior\WriteHtmlCache [ RunTime:0.000009s ]
INFO: [ view_filter ] --END-- [ RunTime:0.000038s ]
INFO: [ view_end ] --START--
INFO: [ view_end ] --END-- [ RunTime:0.000013s ]
INFO: [ app_end ] --START--
INFO: Run Behavior\ShowPageTrace [ RunTime:0.000021s ]
INFO: [ app_end ] --END-- [ RunTime:0.000051s ]

[ 2017-04-10T12:53:46+08:00 ] ::1 /project/FirstDemo/index.php/home/login/loginBase
INFO: [ app_init ] --START--
INFO: [ app_init ] --END-- [ RunTime:0.000209s ]
INFO: [ path_info ] --START--
INFO: [ path_info ] --END-- [ RunTime:0.000045s ]
INFO: [ app_begin ] --START--
INFO: Run Behavior\ReadHtmlCache [ RunTime:0.000027s ]
INFO: [ app_begin ] --END-- [ RunTime:0.000063s ]
INFO: [ action_begin ] --START--
INFO: [ action_begin ] --END-- [ RunTime:0.000019s ]
INFO: [ view_begin ] --START--
INFO: [ view_begin ] --END-- [ RunTime:0.000024s ]
INFO: [ view_parse ] --START--
INFO: [ template_filter ] --START--
INFO: Run Behavior\ContentReplace [ RunTime:0.000042s ]
INFO: [ template_filter ] --END-- [ RunTime:0.000092s ]
INFO: Run Behavior\ParseTemplate [ RunTime:0.004661s ]
INFO: [ view_parse ] --END-- [ RunTime:0.004712s ]
INFO: [ view_filter ] --START--
INFO: Run Behavior\WriteHtmlCache [ RunTime:0.000009s ]
INFO: [ view_filter ] --END-- [ RunTime:0.000040s ]
INFO: [ view_end ] --START--
INFO: [ view_end ] --END-- [ RunTime:0.000012s ]
INFO: [ app_end ] --START--
INFO: Run Behavior\ShowPageTrace [ RunTime:0.000023s ]
INFO: [ app_end ] --END-- [ RunTime:0.000052s ]

[ 2017-04-10T12:53:46+08:00 ] ::1 /project/FirstDemo/index.php/home/login/loginBase
INFO: [ app_init ] --START--
INFO: [ app_init ] --END-- [ RunTime:0.000227s ]
INFO: [ path_info ] --START--
INFO: [ path_info ] --END-- [ RunTime:0.000016s ]
INFO: [ app_begin ] --START--
INFO: Run Behavior\ReadHtmlCache [ RunTime:0.000027s ]
INFO: [ app_begin ] --END-- [ RunTime:0.000063s ]
INFO: [ action_begin ] --START--
INFO: [ action_begin ] --END-- [ RunTime:0.000019s ]
INFO: [ view_begin ] --START--
INFO: [ view_begin ] --END-- [ RunTime:0.000015s ]
INFO: [ view_parse ] --START--
INFO: [ template_filter ] --START--
INFO: Run Behavior\ContentReplace [ RunTime:0.000040s ]
INFO: [ template_filter ] --END-- [ RunTime:0.000087s ]
INFO: Run Behavior\ParseTemplate [ RunTime:0.004563s ]
INFO: [ view_parse ] --END-- [ RunTime:0.004602s ]
INFO: [ view_filter ] --START--
INFO: Run Behavior\WriteHtmlCache [ RunTime:0.000010s ]
INFO: [ view_filter ] --END-- [ RunTime:0.000039s ]
INFO: [ view_end ] --START--
INFO: [ view_end ] --END-- [ RunTime:0.000013s ]
INFO: [ app_end ] --START--
INFO: Run Behavior\ShowPageTrace [ RunTime:0.000022s ]
INFO: [ app_end ] --END-- [ RunTime:0.000052s ]

[ 2017-04-10T12:53:47+08:00 ] ::1 /project/FirstDemo/index.php/home/login/loginBase
INFO: [ app_init ] --START--
INFO: [ app_init ] --END-- [ RunTime:0.000243s ]
INFO: [ path_info ] --START--
INFO: [ path_info ] --END-- [ RunTime:0.000018s ]
INFO: [ app_begin ] --START--
INFO: Run Behavior\ReadHtmlCache [ RunTime:0.000029s ]
INFO: [ app_begin ] --END-- [ RunTime:0.000064s ]
INFO: [ action_begin ] --START--
INFO: [ action_begin ] --END-- [ RunTime:0.000033s ]
INFO: [ view_begin ] --START--
INFO: [ view_begin ] --END-- [ RunTime:0.000018s ]
INFO: [ view_parse ] --START--
INFO: [ template_filter ] --START--
INFO: Run Behavior\ContentReplace [ RunTime:0.000040s ]
INFO: [ template_filter ] --END-- [ RunTime:0.000082s ]
INFO: Run Behavior\ParseTemplate [ RunTime:0.005093s ]
INFO: [ view_parse ] --END-- [ RunTime:0.005132s ]
INFO: [ view_filter ] --START--
INFO: Run Behavior\WriteHtmlCache [ RunTime:0.000009s ]
INFO: [ view_filter ] --END-- [ RunTime:0.000039s ]
INFO: [ view_end ] --START--
INFO: [ view_end ] --END-- [ RunTime:0.000013s ]
INFO: [ app_end ] --START--
INFO: Run Behavior\ShowPageTrace [ RunTime:0.000022s ]
INFO: [ app_end ] --END-- [ RunTime:0.000051s ]

[ 2017-04-10T13:14:45+08:00 ] ::1 /project/FirstDemo/index.php/home/login/loginBase
INFO: [ app_init ] --START--
INFO: [ app_init ] --END-- [ RunTime:0.000540s ]
INFO: [ path_info ] --START--
INFO: [ path_info ] --END-- [ RunTime:0.000019s ]
INFO: [ app_begin ] --START--
INFO: Run Behavior\ReadHtmlCache [ RunTime:0.000041s ]
INFO: [ app_begin ] --END-- [ RunTime:0.000084s ]
INFO: [ action_begin ] --START--
INFO: [ action_begin ] --END-- [ RunTime:0.000027s ]
INFO: [ view_begin ] --START--
INFO: [ view_begin ] --END-- [ RunTime:0.000017s ]
INFO: [ view_parse ] --START--
INFO: [ template_filter ] --START--
INFO: Run Behavior\ContentReplace [ RunTime:0.000056s ]
INFO: [ template_filter ] --END-- [ RunTime:0.000137s ]
INFO: Run Behavior\ParseTemplate [ RunTime:0.010236s ]
INFO: [ view_parse ] --END-- [ RunTime:0.010283s ]
INFO: [ view_filter ] --START--
INFO: Run Behavior\WriteHtmlCache [ RunTime:0.000010s ]
INFO: [ view_filter ] --END-- [ RunTime:0.000041s ]
INFO: [ view_end ] --START--
INFO: [ view_end ] --END-- [ RunTime:0.000013s ]
INFO: [ app_end ] --START--
INFO: Run Behavior\ShowPageTrace [ RunTime:0.000023s ]
INFO: [ app_end ] --END-- [ RunTime:0.000054s ]

[ 2017-04-10T13:14:51+08:00 ] ::1 /project/FirstDemo/index.php/home/login/loginBase
INFO: [ app_init ] --START--
INFO: [ app_init ] --END-- [ RunTime:0.000290s ]
INFO: [ path_info ] --START--
INFO: [ path_info ] --END-- [ RunTime:0.000018s ]
INFO: [ app_begin ] --START--
INFO: Run Behavior\ReadHtmlCache [ RunTime:0.000057s ]
INFO: [ app_begin ] --END-- [ RunTime:0.000098s ]
INFO: [ action_begin ] --START--
INFO: [ action_begin ] --END-- [ RunTime:0.000030s ]
INFO: [ view_begin ] --START--
INFO: [ view_begin ] --END-- [ RunTime:0.000017s ]
INFO: [ view_parse ] --START--
INFO: [ template_filter ] --START--
INFO: Run Behavior\ContentReplace [ RunTime:0.000045s ]
INFO: [ template_filter ] --END-- [ RunTime:0.000099s ]
INFO: Run Behavior\ParseTemplate [ RunTime:0.005748s ]
INFO: [ view_parse ] --END-- [ RunTime:0.005808s ]
INFO: [ view_filter ] --START--
INFO: Run Behavior\WriteHtmlCache [ RunTime:0.000010s ]
INFO: [ view_filter ] --END-- [ RunTime:0.000041s ]
INFO: [ view_end ] --START--
INFO: [ view_end ] --END-- [ RunTime:0.000013s ]
INFO: [ app_end ] --START--
INFO: Run Behavior\ShowPageTrace [ RunTime:0.000022s ]
INFO: [ app_end ] --END-- [ RunTime:0.000053s ]

[ 2017-04-10T13:15:08+08:00 ] ::1 /project/FirstDemo/index.php/home/login/loginBase
INFO: [ app_init ] --START--
INFO: [ app_init ] --END-- [ RunTime:0.000252s ]
INFO: [ path_info ] --START--
INFO: [ path_info ] --END-- [ RunTime:0.000018s ]
INFO: [ app_begin ] --START--
INFO: Run Behavior\ReadHtmlCache [ RunTime:0.000038s ]
INFO: [ app_begin ] --END-- [ RunTime:0.000077s ]
INFO: [ action_begin ] --START--
INFO: [ action_begin ] --END-- [ RunTime:0.000023s ]
INFO: [ view_begin ] --START--
INFO: [ view_begin ] --END-- [ RunTime:0.000016s ]
INFO: [ view_parse ] --START--
INFO: [ template_filter ] --START--
INFO: Run Behavior\ContentReplace [ RunTime:0.000043s ]
INFO: [ template_filter ] --END-- [ RunTime:0.000093s ]
INFO: Run Behavior\ParseTemplate [ RunTime:0.005178s ]
INFO: [ view_parse ] --END-- [ RunTime:0.005227s ]
INFO: [ view_filter ] --START--
INFO: Run Behavior\WriteHtmlCache [ RunTime:0.000009s ]
INFO: [ view_filter ] --END-- [ RunTime:0.000040s ]
INFO: [ view_end ] --START--
INFO: [ view_end ] --END-- [ RunTime:0.000013s ]
INFO: [ app_end ] --START--
INFO: Run Behavior\ShowPageTrace [ RunTime:0.000021s ]
INFO: [ app_end ] --END-- [ RunTime:0.000051s ]

[ 2017-04-10T13:15:08+08:00 ] ::1 /project/FirstDemo/index.php/home/login/User_Login.css
INFO: [ app_init ] --START--
INFO: [ app_init ] --END-- [ RunTime:0.000274s ]
INFO: [ path_info ] --START--
INFO: [ path_info ] --END-- [ RunTime:0.000027s ]
INFO: [ app_begin ] --START--
INFO: Run Behavior\ReadHtmlCache [ RunTime:0.000033s ]
INFO: [ app_begin ] --END-- [ RunTime:0.000075s ]
INFO: [ action_begin ] --START--
INFO: [ action_begin ] --END-- [ RunTime:0.000024s ]
ERR: 非法操作:user_login.css

[ 2017-04-10T13:15:16+08:00 ] ::1 /project/FirstDemo/index.php/home/login/loginBase
INFO: [ app_init ] --START--
INFO: [ app_init ] --END-- [ RunTime:0.000337s ]
INFO: [ path_info ] --START--
INFO: [ path_info ] --END-- [ RunTime:0.000017s ]
INFO: [ app_begin ] --START--
INFO: Run Behavior\ReadHtmlCache [ RunTime:0.000042s ]
INFO: [ app_begin ] --END-- [ RunTime:0.000081s ]
INFO: [ action_begin ] --START--
INFO: [ action_begin ] --END-- [ RunTime:0.000025s ]
INFO: [ view_begin ] --START--
INFO: [ view_begin ] --END-- [ RunTime:0.000021s ]
INFO: [ view_parse ] --START--
INFO: [ template_filter ] --START--
INFO: Run Behavior\ContentReplace [ RunTime:0.000046s ]
INFO: [ template_filter ] --END-- [ RunTime:0.000101s ]
INFO: Run Behavior\ParseTemplate [ RunTime:0.005752s ]
INFO: [ view_parse ] --END-- [ RunTime:0.005817s ]
INFO: [ view_filter ] --START--
INFO: Run Behavior\WriteHtmlCache [ RunTime:0.000010s ]
INFO: [ view_filter ] --END-- [ RunTime:0.000040s ]
INFO: [ view_end ] --START--
INFO: [ view_end ] --END-- [ RunTime:0.000013s ]
INFO: [ app_end ] --START--
INFO: Run Behavior\ShowPageTrace [ RunTime:0.000023s ]
INFO: [ app_end ] --END-- [ RunTime:0.000052s ]

[ 2017-04-10T13:15:21+08:00 ] ::1 /project/FirstDemo/index.php/home/login/loginBase
INFO: [ app_init ] --START--
INFO: [ app_init ] --END-- [ RunTime:0.000257s ]
INFO: [ path_info ] --START--
INFO: [ path_info ] --END-- [ RunTime:0.000017s ]
INFO: [ app_begin ] --START--
INFO: Run Behavior\ReadHtmlCache [ RunTime:0.000039s ]
INFO: [ app_begin ] --END-- [ RunTime:0.000077s ]
INFO: [ action_begin ] --START--
INFO: [ action_begin ] --END-- [ RunTime:0.000022s ]
INFO: [ view_begin ] --START--
INFO: [ view_begin ] --END-- [ RunTime:0.000016s ]
INFO: [ view_parse ] --START--
INFO: [ template_filter ] --START--
INFO: Run Behavior\ContentReplace [ RunTime:0.000044s ]
INFO: [ template_filter ] --END-- [ RunTime:0.000096s ]
INFO: Run Behavior\ParseTemplate [ RunTime:0.005390s ]
INFO: [ view_parse ] --END-- [ RunTime:0.005438s ]
INFO: [ view_filter ] --START--
INFO: Run Behavior\WriteHtmlCache [ RunTime:0.000010s ]
INFO: [ view_filter ] --END-- [ RunTime:0.000040s ]
INFO: [ view_end ] --START--
INFO: [ view_end ] --END-- [ RunTime:0.000012s ]
INFO: [ app_end ] --START--
INFO: Run Behavior\ShowPageTrace [ RunTime:0.000022s ]
INFO: [ app_end ] --END-- [ RunTime:0.000058s ]

[ 2017-04-10T15:17:24+08:00 ] 192.168.2.144 /project/FirstDemo/index.php/Home/login/login
INFO: [ app_init ] --START--
INFO: [ app_init ] --END-- [ RunTime:0.011448s ]
INFO: [ path_info ] --START--
INFO: [ path_info ] --END-- [ RunTime:0.000088s ]
INFO: [ app_begin ] --START--
INFO: Run Behavior\ReadHtmlCache [ RunTime:0.000077s ]
INFO: [ app_begin ] --END-- [ RunTime:0.000286s ]
INFO: [ action_begin ] --START--
INFO: [ action_begin ] --END-- [ RunTime:0.000096s ]
SQL: SHOW COLUMNS FROM `user_info` [ RunTime:0.009648s ]
SQL: SELECT * FROM `user_info`  [ RunTime:0.000708s ]

