[ 2017-03-15T13:22:13+08:00 ] ::1 /project/FirstDemo/index.php/Home/login/login
INFO: [ app_init ] --START--
INFO: [ app_init ] --END-- [ RunTime:0.000293s ]
INFO: [ path_info ] --START--
INFO: [ path_info ] --END-- [ RunTime:0.000018s ]
INFO: [ app_begin ] --START--
INFO: Run Behavior\ReadHtmlCache [ RunTime:0.000033s ]
INFO: [ app_begin ] --END-- [ RunTime:0.000073s ]
INFO: [ action_begin ] --START--
INFO: [ action_begin ] --END-- [ RunTime:0.000024s ]

[ 2017-03-15T13:22:36+08:00 ] ::1 /project/FirstDemo/index.php/Home/index/regist
INFO: [ app_init ] --START--
INFO: [ app_init ] --END-- [ RunTime:0.000364s ]
INFO: [ path_info ] --START--
INFO: [ path_info ] --END-- [ RunTime:0.000017s ]
INFO: [ app_begin ] --START--
INFO: Run Behavior\ReadHtmlCache [ RunTime:0.000041s ]
INFO: [ app_begin ] --END-- [ RunTime:0.000079s ]
INFO: [ action_begin ] --START--
INFO: [ action_begin ] --END-- [ RunTime:0.000023s ]

[ 2017-03-15T13:22:51+08:00 ] ::1 /project/FirstDemo//index.php/Home/Index/index.html
INFO: [ app_init ] --START--
INFO: [ app_init ] --END-- [ RunTime:0.000286s ]
INFO: [ path_info ] --START--
INFO: [ path_info ] --END-- [ RunTime:0.000023s ]
INFO: [ app_begin ] --START--
INFO: Run Behavior\ReadHtmlCache [ RunTime:0.000043s ]
INFO: [ app_begin ] --END-- [ RunTime:0.000084s ]
INFO: [ action_begin ] --START--
INFO: [ action_begin ] --END-- [ RunTime:0.000026s ]

[ 2017-03-15T13:23:11+08:00 ] ::1 /project/FirstDemo//index.php/Home/Index/regist
INFO: [ app_init ] --START--
INFO: [ app_init ] --END-- [ RunTime:0.000285s ]
INFO: [ path_info ] --START--
INFO: [ path_info ] --END-- [ RunTime:0.000019s ]
INFO: [ app_begin ] --START--
INFO: Run Behavior\ReadHtmlCache [ RunTime:0.000045s ]
INFO: [ app_begin ] --END-- [ RunTime:0.000087s ]
INFO: [ action_begin ] --START--
INFO: [ action_begin ] --END-- [ RunTime:0.000025s ]

[ 2017-03-15T13:23:27+08:00 ] ::1 /project/FirstDemo//index.php/Home/login/login
INFO: [ app_init ] --START--
INFO: [ app_init ] --END-- [ RunTime:0.000295s ]
INFO: [ path_info ] --START--
INFO: [ path_info ] --END-- [ RunTime:0.000019s ]
INFO: [ app_begin ] --START--
INFO: Run Behavior\ReadHtmlCache [ RunTime:0.000044s ]
INFO: [ app_begin ] --END-- [ RunTime:0.000084s ]
INFO: [ action_begin ] --START--
INFO: [ action_begin ] --END-- [ RunTime:0.000025s ]

[ 2017-03-15T13:23:33+08:00 ] ::1 /project/FirstDemo/index.php/Home/login/login
INFO: [ app_init ] --START--
INFO: [ app_init ] --END-- [ RunTime:0.000263s ]
INFO: [ path_info ] --START--
INFO: [ path_info ] --END-- [ RunTime:0.000019s ]
INFO: [ app_begin ] --START--
INFO: Run Behavior\ReadHtmlCache [ RunTime:0.000043s ]
INFO: [ app_begin ] --END-- [ RunTime:0.000085s ]
INFO: [ action_begin ] --START--
INFO: [ action_begin ] --END-- [ RunTime:0.000024s ]

[ 2017-03-15T15:05:34+08:00 ] ::1 /project/FirstDemo/
INFO: [ app_init ] --START--
INFO: [ app_init ] --END-- [ RunTime:0.000830s ]
INFO: [ app_begin ] --START--
INFO: Run Behavior\ReadHtmlCache [ RunTime:0.000034s ]
INFO: [ app_begin ] --END-- [ RunTime:0.000078s ]
INFO: [ action_begin ] --START--
INFO: [ action_begin ] --END-- [ RunTime:0.000033s ]

[ 2017-03-15T15:05:39+08:00 ] ::1 /project/FirstDemo/index.php
INFO: [ app_init ] --START--
INFO: [ app_init ] --END-- [ RunTime:0.000286s ]
INFO: [ app_begin ] --START--
INFO: Run Behavior\ReadHtmlCache [ RunTime:0.000035s ]
INFO: [ app_begin ] --END-- [ RunTime:0.000082s ]
INFO: [ action_begin ] --START--
INFO: [ action_begin ] --END-- [ RunTime:0.000019s ]

[ 2017-03-15T15:06:15+08:00 ] ::1 /project/FirstDemo/index.php/home/login/
INFO: [ app_init ] --START--
INFO: [ app_init ] --END-- [ RunTime:0.000248s ]
INFO: [ path_info ] --START--
INFO: [ path_info ] --END-- [ RunTime:0.000017s ]
INFO: [ app_begin ] --START--
INFO: Run Behavior\ReadHtmlCache [ RunTime:0.000029s ]
INFO: [ app_begin ] --END-- [ RunTime:0.000066s ]
INFO: [ action_begin ] --START--
INFO: [ action_begin ] --END-- [ RunTime:0.000024s ]
ERR: 非法操作:index

[ 2017-03-15T15:06:33+08:00 ] ::1 /project/FirstDemo/index.php/home/login/
INFO: [ app_init ] --START--
INFO: [ app_init ] --END-- [ RunTime:0.000214s ]
INFO: [ path_info ] --START--
INFO: [ path_info ] --END-- [ RunTime:0.000018s ]
INFO: [ app_begin ] --START--
INFO: Run Behavior\ReadHtmlCache [ RunTime:0.000029s ]
INFO: [ app_begin ] --END-- [ RunTime:0.000071s ]
INFO: [ action_begin ] --START--
INFO: [ action_begin ] --END-- [ RunTime:0.000018s ]
ERR: 非法操作:index

[ 2017-03-15T15:08:08+08:00 ] ::1 /project/FirstDemo/
INFO: [ app_init ] --START--
INFO: [ app_init ] --END-- [ RunTime:0.000247s ]
INFO: [ app_begin ] --START--
INFO: Run Behavior\ReadHtmlCache [ RunTime:0.000031s ]
INFO: [ app_begin ] --END-- [ RunTime:0.000069s ]
INFO: [ action_begin ] --START--
INFO: [ action_begin ] --END-- [ RunTime:0.000019s ]

[ 2017-03-15T15:08:20+08:00 ] ::1 /project/FirstDemo/index.php
INFO: [ app_init ] --START--
INFO: [ app_init ] --END-- [ RunTime:0.000240s ]
INFO: [ app_begin ] --START--
INFO: Run Behavior\ReadHtmlCache [ RunTime:0.000034s ]
INFO: [ app_begin ] --END-- [ RunTime:0.000076s ]
INFO: [ action_begin ] --START--
INFO: [ action_begin ] --END-- [ RunTime:0.000131s ]

[ 2017-03-15T15:10:09+08:00 ] ::1 /project/FirstDemo/index.php/Home/login/login
ERR: 1146:Table 'myapp.login' doesn't exist
 [ SQL语句 ] : SHOW COLUMNS FROM `login`
ERR: 1146:Table 'myapp.login' doesn't exist
 [ SQL语句 ] : INSERT INTO `login` (`userName`,`passward`) VALUES ('hahah','123456')

[ 2017-03-15T15:11:18+08:00 ] ::1 /project/FirstDemo/index.php/Home/login/login
ERR: 1146:Table 'myapp.login' doesn't exist
 [ SQL语句 ] : SHOW COLUMNS FROM `login`
ERR: 1146:Table 'myapp.login' doesn't exist
 [ SQL语句 ] : INSERT INTO `login` (`userName`,`passward`) VALUES ('hahah','123456')

[ 2017-03-15T17:03:55+08:00 ] ::1 /project/FirstDemo/index.php/Home/login/login
ERR: 1146:Table 'myapp.login' doesn't exist
 [ SQL语句 ] : SHOW COLUMNS FROM `login`

[ 2017-03-15T17:05:17+08:00 ] ::1 /project/FirstDemo/index.php/Home/login/login
ERR: 1146:Table 'myapp.login' doesn't exist
 [ SQL语句 ] : SHOW COLUMNS FROM `login`
ERR: 1146:Table 'myapp.login' doesn't exist
 [ SQL语句 ] : INSERT INTO `login` (`userName`,`passward`) VALUES ('hahah','123456')

[ 2017-03-15T17:16:08+08:00 ] ::1 /project/FirstDemo/index.php/Home/login/login
ERR: 1146:Table 'myapp.user_info' doesn't exist
 [ SQL语句 ] : SHOW COLUMNS FROM `user_info`
ERR: 1146:Table 'myapp.user_info' doesn't exist
 [ SQL语句 ] : INSERT INTO `user_info` (`userName`,`passward`) VALUES ('hahah','123456')

[ 2017-03-15T17:16:32+08:00 ] ::1 /project/FirstDemo/index.php/Home/login/login
ERR: 1146:Table 'myapp.user_info' doesn't exist
 [ SQL语句 ] : SHOW COLUMNS FROM `user_info`
ERR: 1146:Table 'myapp.user_info' doesn't exist
 [ SQL语句 ] : INSERT INTO `user_info` (`userName`,`passward`) VALUES ('trim','trim')

[ 2017-03-15T17:17:07+08:00 ] ::1 /project/FirstDemo/index.php/Home/login/login
ERR: 1146:Table 'myapp.user_info' doesn't exist
 [ SQL语句 ] : SHOW COLUMNS FROM `user_info`
ERR: 1146:Table 'myapp.user_info' doesn't exist
 [ SQL语句 ] : INSERT INTO `user_info` (`userName`,`passward`) VALUES ('trim','trim')

[ 2017-03-15T17:17:57+08:00 ] ::1 /project/FirstDemo/index.php/Home/login/login
ERR: 1146:Table 'myapp.user_info' doesn't exist
 [ SQL语句 ] : SHOW COLUMNS FROM `user_info`
ERR: 1146:Table 'myapp.user_info' doesn't exist
 [ SQL语句 ] : INSERT INTO `user_info` (`userName`,`passward`) VALUES ('trim','trim')

[ 2017-03-15T17:18:39+08:00 ] ::1 /project/FirstDemo/index.php/Home/login/login
ERR: 1146:Table 'myapp.user_info' doesn't exist
 [ SQL语句 ] : SHOW COLUMNS FROM `user_info`
ERR: 1146:Table 'myapp.user_info' doesn't exist
 [ SQL语句 ] : INSERT INTO `user_info` (`userName`,`passward`) VALUES ('','')

[ 2017-03-15T17:18:59+08:00 ] ::1 /project/FirstDemo/index.php/Home/login/login
ERR: 1146:Table 'myapp.user_info' doesn't exist
 [ SQL语句 ] : SHOW COLUMNS FROM `user_info`
ERR: 1146:Table 'myapp.user_info' doesn't exist
 [ SQL语句 ] : INSERT INTO `user_info` (`userName`,`passward`) VALUES ('','')

[ 2017-03-15T17:19:48+08:00 ] ::1 /project/FirstDemo/index.php/Home/login/login
ERR: 1146:Table 'myapp.user_info' doesn't exist
 [ SQL语句 ] : SHOW COLUMNS FROM `user_info`
ERR: 1146:Table 'myapp.user_info' doesn't exist
 [ SQL语句 ] : INSERT INTO `user_info` (`userName`,`passward`) VALUES ('','')

[ 2017-03-15T17:20:50+08:00 ] ::1 /project/FirstDemo/index.php/Home/login/login
ERR: 1146:Table 'myapp.user_info' doesn't exist
 [ SQL语句 ] : SHOW COLUMNS FROM `user_info`
ERR: 1146:Table 'myapp.user_info' doesn't exist
 [ SQL语句 ] : INSERT INTO `user_info` (`userName`,`passward`) VALUES ('','')

[ 2017-03-15T17:25:45+08:00 ] ::1 /project/FirstDemo/index.php/Home/login/login
ERR: 1146:Table 'myapp.user_info' doesn't exist
 [ SQL语句 ] : SHOW COLUMNS FROM `user_info`
ERR: 1146:Table 'myapp.user_info' doesn't exist
 [ SQL语句 ] : INSERT INTO `user_info` (`userName`,`passward`) VALUES ('hahah','123456')

[ 2017-03-15T17:25:56+08:00 ] ::1 /project/FirstDemo/index.php/Home/login/login
ERR: 1146:Table 'myapp.user_info' doesn't exist
 [ SQL语句 ] : SHOW COLUMNS FROM `user_info`
ERR: 1146:Table 'myapp.user_info' doesn't exist
 [ SQL语句 ] : INSERT INTO `user_info` (`userName`,`passward`) VALUES ('hahah','12344')

[ 2017-03-15T17:26:30+08:00 ] ::1 /project/FirstDemo/index.php/Home/login/login
ERR: 1146:Table 'myapp.user_info' doesn't exist
 [ SQL语句 ] : SHOW COLUMNS FROM `user_info`
ERR: 1146:Table 'myapp.user_info' doesn't exist
 [ SQL语句 ] : INSERT INTO `user_info` (`userName`,`passward`) VALUES ('hahah','12344')

[ 2017-03-15T17:27:54+08:00 ] ::1 /project/FirstDemo/index.php/Home/login/login
ERR: 1146:Table 'myapp.user_info' doesn't exist
 [ SQL语句 ] : SHOW COLUMNS FROM `user_info`
ERR: 1146:Table 'myapp.user_info' doesn't exist
 [ SQL语句 ] : INSERT INTO `user_info` (`userName`,`passward`) VALUES ('hahah','12344')

[ 2017-03-15T17:32:15+08:00 ] ::1 /project/FirstDemo/index.php/Home/login/login
ERR: 1146:Table 'myapp.user_info' doesn't exist
 [ SQL语句 ] : SHOW COLUMNS FROM `user_info`
ERR: 1146:Table 'myapp.user_info' doesn't exist
 [ SQL语句 ] : SELECT * FROM `user_info` 

[ 2017-03-15T17:33:01+08:00 ] ::1 /project/FirstDemo/index.php/Home/login/login
ERR: 1146:Table 'myapp.user_info' doesn't exist
 [ SQL语句 ] : SHOW COLUMNS FROM `user_info`
ERR: 1146:Table 'myapp.user_info' doesn't exist
 [ SQL语句 ] : SELECT * FROM `user_info` 

[ 2017-03-15T17:35:29+08:00 ] ::1 /project/FirstDemo/index.php/Home/login/login
ERR: 1146:Table 'myapp.user_info' doesn't exist
 [ SQL语句 ] : SHOW COLUMNS FROM `user_info`
ERR: 1146:Table 'myapp.user_info' doesn't exist
 [ SQL语句 ] : SELECT * FROM `user_info` 

[ 2017-03-15T17:36:01+08:00 ] ::1 /project/FirstDemo/index.php/Home/login/login
ERR: 1146:Table 'myapp.user_info' doesn't exist
 [ SQL语句 ] : SHOW COLUMNS FROM `user_info`
ERR: 1146:Table 'myapp.user_info' doesn't exist
 [ SQL语句 ] : SELECT * FROM `user_info` 

[ 2017-03-15T17:37:24+08:00 ] ::1 /project/FirstDemo/index.php/Home/login/login
INFO: [ app_init ] --START--
INFO: [ app_init ] --END-- [ RunTime:0.000623s ]
INFO: [ path_info ] --START--
INFO: [ path_info ] --END-- [ RunTime:0.000022s ]
INFO: [ app_begin ] --START--
INFO: Run Behavior\ReadHtmlCache [ RunTime:0.000032s ]
INFO: [ app_begin ] --END-- [ RunTime:0.000073s ]
INFO: [ action_begin ] --START--
INFO: [ action_begin ] --END-- [ RunTime:0.000041s ]
ERR: 系统不支持:mysql

[ 2017-03-15T17:37:55+08:00 ] ::1 /project/FirstDemo/index.php/Home/login/login
INFO: [ app_init ] --START--
INFO: [ app_init ] --END-- [ RunTime:0.000321s ]
INFO: [ path_info ] --START--
INFO: [ path_info ] --END-- [ RunTime:0.000019s ]
INFO: [ app_begin ] --START--
INFO: Run Behavior\ReadHtmlCache [ RunTime:0.000032s ]
INFO: [ app_begin ] --END-- [ RunTime:0.000072s ]
INFO: [ action_begin ] --START--
INFO: [ action_begin ] --END-- [ RunTime:0.000020s ]
SQL: SHOW COLUMNS FROM `user_info` [ RunTime:0.001153s ]
ERR: 1146:Table 'myapp.user_info' doesn't exist
 [ SQL语句 ] : SHOW COLUMNS FROM `user_info`
SQL: SELECT * FROM `user_info`  [ RunTime:0.000152s ]
ERR: 1146:Table 'myapp.user_info' doesn't exist
 [ SQL语句 ] : SELECT * FROM `user_info` 
INFO: [ app_end ] --START--
INFO: Run Behavior\ShowPageTrace [ RunTime:0.000028s ]
INFO: [ app_end ] --END-- [ RunTime:0.000071s ]

[ 2017-03-15T17:51:25+08:00 ] ::1 /project/FirstDemo/index.php/Home/login/login
INFO: [ app_init ] --START--
INFO: [ app_init ] --END-- [ RunTime:0.000464s ]
INFO: [ path_info ] --START--
INFO: [ path_info ] --END-- [ RunTime:0.000018s ]
INFO: [ app_begin ] --START--
INFO: Run Behavior\ReadHtmlCache [ RunTime:0.000031s ]
INFO: [ app_begin ] --END-- [ RunTime:0.000070s ]
INFO: [ action_begin ] --START--
INFO: [ action_begin ] --END-- [ RunTime:0.000021s ]
SQL: SHOW COLUMNS FROM `user_info` [ RunTime:0.001112s ]
ERR: 1146:Table 'myapp.user_info' doesn't exist
 [ SQL语句 ] : SHOW COLUMNS FROM `user_info`
SQL: SELECT * FROM `user_info`  [ RunTime:0.000179s ]
ERR: 1146:Table 'myapp.user_info' doesn't exist
 [ SQL语句 ] : SELECT * FROM `user_info` 
INFO: [ app_end ] --START--
INFO: Run Behavior\ShowPageTrace [ RunTime:0.000028s ]
INFO: [ app_end ] --END-- [ RunTime:0.000069s ]

[ 2017-03-15T17:52:30+08:00 ] ::1 /project/FirstDemo/index.php/Home/login/login
INFO: [ app_init ] --START--
INFO: [ app_init ] --END-- [ RunTime:0.000397s ]
INFO: [ path_info ] --START--
INFO: [ path_info ] --END-- [ RunTime:0.000033s ]
INFO: [ app_begin ] --START--
INFO: Run Behavior\ReadHtmlCache [ RunTime:0.000052s ]
INFO: [ app_begin ] --END-- [ RunTime:0.000123s ]
INFO: [ action_begin ] --START--
INFO: [ action_begin ] --END-- [ RunTime:0.000039s ]
SQL: SHOW COLUMNS FROM `user_info` [ RunTime:0.005654s ]
SQL: SELECT * FROM `user_info`  [ RunTime:0.000325s ]
INFO: [ app_end ] --START--
INFO: Run Behavior\ShowPageTrace [ RunTime:0.000044s ]
INFO: [ app_end ] --END-- [ RunTime:0.000126s ]

[ 2017-03-15T17:53:09+08:00 ] ::1 /project/FirstDemo/index.php/Home/login/login
INFO: [ app_init ] --START--
INFO: [ app_init ] --END-- [ RunTime:0.000334s ]
INFO: [ path_info ] --START--
INFO: [ path_info ] --END-- [ RunTime:0.000018s ]
INFO: [ app_begin ] --START--
INFO: Run Behavior\ReadHtmlCache [ RunTime:0.000031s ]
INFO: [ app_begin ] --END-- [ RunTime:0.000070s ]
INFO: [ action_begin ] --START--
INFO: [ action_begin ] --END-- [ RunTime:0.000022s ]
SQL: SHOW COLUMNS FROM `user_info` [ RunTime:0.005627s ]
SQL: SELECT * FROM `user_info`  [ RunTime:0.000292s ]
INFO: [ app_end ] --START--
INFO: Run Behavior\ShowPageTrace [ RunTime:0.000028s ]
INFO: [ app_end ] --END-- [ RunTime:0.000074s ]

[ 2017-03-15T17:56:02+08:00 ] ::1 /project/FirstDemo/index.php/Home/login/login
INFO: [ app_init ] --START--
INFO: [ app_init ] --END-- [ RunTime:0.000527s ]
INFO: [ path_info ] --START--
INFO: [ path_info ] --END-- [ RunTime:0.000033s ]
INFO: [ app_begin ] --START--
INFO: Run Behavior\ReadHtmlCache [ RunTime:0.000034s ]
INFO: [ app_begin ] --END-- [ RunTime:0.000081s ]
INFO: [ action_begin ] --START--
INFO: [ action_begin ] --END-- [ RunTime:0.000036s ]
SQL: SHOW COLUMNS FROM `userinfo` [ RunTime:0.002039s ]
SQL: SELECT * FROM `userinfo`  [ RunTime:0.000465s ]
INFO: [ app_end ] --START--
INFO: Run Behavior\ShowPageTrace [ RunTime:0.000050s ]
INFO: [ app_end ] --END-- [ RunTime:0.000145s ]

[ 2017-03-15T17:57:22+08:00 ] ::1 /project/FirstDemo/index.php/Home/login/login
INFO: [ app_init ] --START--
INFO: [ app_init ] --END-- [ RunTime:0.000387s ]
INFO: [ path_info ] --START--
INFO: [ path_info ] --END-- [ RunTime:0.000034s ]
INFO: [ app_begin ] --START--
INFO: Run Behavior\ReadHtmlCache [ RunTime:0.000050s ]
INFO: [ app_begin ] --END-- [ RunTime:0.000126s ]
INFO: [ action_begin ] --START--
INFO: [ action_begin ] --END-- [ RunTime:0.000084s ]
SQL: SHOW COLUMNS FROM `userinfo` [ RunTime:0.001865s ]
SQL: SELECT * FROM `userinfo`  [ RunTime:0.000344s ]
INFO: [ app_end ] --START--
INFO: Run Behavior\ShowPageTrace [ RunTime:0.000029s ]
INFO: [ app_end ] --END-- [ RunTime:0.000073s ]

[ 2017-03-15T17:57:41+08:00 ] ::1 /project/FirstDemo/index.php/Home/login/login
INFO: [ app_init ] --START--
INFO: [ app_init ] --END-- [ RunTime:0.000293s ]
INFO: [ path_info ] --START--
INFO: [ path_info ] --END-- [ RunTime:0.000019s ]
INFO: [ app_begin ] --START--
INFO: Run Behavior\ReadHtmlCache [ RunTime:0.000032s ]
INFO: [ app_begin ] --END-- [ RunTime:0.000071s ]
INFO: [ action_begin ] --START--
INFO: [ action_begin ] --END-- [ RunTime:0.000020s ]
SQL: SHOW COLUMNS FROM `userinfo` [ RunTime:0.001525s ]
SQL: SELECT * FROM `userinfo`  [ RunTime:0.000262s ]
INFO: [ app_end ] --START--
INFO: Run Behavior\ShowPageTrace [ RunTime:0.000028s ]
INFO: [ app_end ] --END-- [ RunTime:0.000071s ]

[ 2017-03-15T17:58:05+08:00 ] ::1 /project/FirstDemo/index.php/Home/login/login
INFO: [ app_init ] --START--
INFO: [ app_init ] --END-- [ RunTime:0.000409s ]
INFO: [ path_info ] --START--
INFO: [ path_info ] --END-- [ RunTime:0.000029s ]
INFO: [ app_begin ] --START--
INFO: Run Behavior\ReadHtmlCache [ RunTime:0.000046s ]
INFO: [ app_begin ] --END-- [ RunTime:0.000112s ]
INFO: [ action_begin ] --START--
INFO: [ action_begin ] --END-- [ RunTime:0.000040s ]
SQL: SHOW COLUMNS FROM `userinfo` [ RunTime:0.001482s ]
SQL: SELECT * FROM `userinfo`  [ RunTime:0.000220s ]
INFO: [ app_end ] --START--
INFO: Run Behavior\ShowPageTrace [ RunTime:0.000028s ]
INFO: [ app_end ] --END-- [ RunTime:0.000069s ]

[ 2017-03-15T17:58:10+08:00 ] ::1 /project/FirstDemo/index.php/Home/login/login
INFO: [ app_init ] --START--
INFO: [ app_init ] --END-- [ RunTime:0.000269s ]
INFO: [ path_info ] --START--
INFO: [ path_info ] --END-- [ RunTime:0.000018s ]
INFO: [ app_begin ] --START--
INFO: Run Behavior\ReadHtmlCache [ RunTime:0.000030s ]
INFO: [ app_begin ] --END-- [ RunTime:0.000069s ]
INFO: [ action_begin ] --START--
INFO: [ action_begin ] --END-- [ RunTime:0.000021s ]
SQL: SHOW COLUMNS FROM `userinfo` [ RunTime:0.001476s ]
SQL: SELECT * FROM `userinfo`  [ RunTime:0.000257s ]
INFO: [ app_end ] --START--
INFO: Run Behavior\ShowPageTrace [ RunTime:0.000029s ]
INFO: [ app_end ] --END-- [ RunTime:0.000072s ]

[ 2017-03-15T18:00:24+08:00 ] ::1 /project/FirstDemo/index.php/Home/login/login
INFO: [ app_init ] --START--
INFO: [ app_init ] --END-- [ RunTime:0.000383s ]
INFO: [ path_info ] --START--
INFO: [ path_info ] --END-- [ RunTime:0.000029s ]
INFO: [ app_begin ] --START--
INFO: Run Behavior\ReadHtmlCache [ RunTime:0.000050s ]
INFO: [ app_begin ] --END-- [ RunTime:0.000118s ]
INFO: [ action_begin ] --START--
INFO: [ action_begin ] --END-- [ RunTime:0.000040s ]
SQL: SHOW COLUMNS FROM `userinfo` [ RunTime:0.005755s ]
SQL: INSERT INTO `userinfo` (`userName`,`passward`) VALUES ('hahah','12344') [ RunTime:0.000517s ]
ERR: 1062:Duplicate entry '0' for key 'PRIMARY'
 [ SQL语句 ] : INSERT INTO `userinfo` (`userName`,`passward`) VALUES ('hahah','12344')
SQL: SELECT * FROM `userinfo`  [ RunTime:0.000230s ]
INFO: [ app_end ] --START--
INFO: Run Behavior\ShowPageTrace [ RunTime:0.000029s ]
INFO: [ app_end ] --END-- [ RunTime:0.000072s ]

[ 2017-03-15T18:01:26+08:00 ] ::1 /project/FirstDemo/index.php/Home/login/login
INFO: [ app_init ] --START--
INFO: [ app_init ] --END-- [ RunTime:0.000247s ]
INFO: [ path_info ] --START--
INFO: [ path_info ] --END-- [ RunTime:0.000019s ]
INFO: [ app_begin ] --START--
INFO: Run Behavior\ReadHtmlCache [ RunTime:0.000030s ]
INFO: [ app_begin ] --END-- [ RunTime:0.000069s ]
INFO: [ action_begin ] --START--
INFO: [ action_begin ] --END-- [ RunTime:0.000020s ]
SQL: SHOW COLUMNS FROM `userinfo` [ RunTime:0.005559s ]
SQL: INSERT INTO `userinfo` (`userName`,`passward`,`id`) VALUES ('hahah','12344',5) [ RunTime:0.001005s ]
SQL: SELECT * FROM `userinfo`  [ RunTime:0.000251s ]
INFO: [ app_end ] --START--
INFO: Run Behavior\ShowPageTrace [ RunTime:0.000029s ]
INFO: [ app_end ] --END-- [ RunTime:0.000073s ]

[ 2017-03-15T18:09:03+08:00 ] ::1 /project/FirstDemo/index.php/Home/login/login
INFO: [ app_init ] --START--
INFO: [ app_init ] --END-- [ RunTime:0.000468s ]
INFO: [ path_info ] --START--
INFO: [ path_info ] --END-- [ RunTime:0.000019s ]
INFO: [ app_begin ] --START--
INFO: Run Behavior\ReadHtmlCache [ RunTime:0.000031s ]
INFO: [ app_begin ] --END-- [ RunTime:0.000070s ]
INFO: [ action_begin ] --START--
INFO: [ action_begin ] --END-- [ RunTime:0.000049s ]
SQL: SHOW COLUMNS FROM `userinfo` [ RunTime:0.001702s ]
SQL: INSERT INTO `userinfo` (`userName`,`passward`,`id`) VALUES ('hahah','12344',5) [ RunTime:0.000674s ]
SQL: SELECT * FROM `userinfo`  [ RunTime:0.000225s ]
INFO: [ app_end ] --START--
INFO: Run Behavior\ShowPageTrace [ RunTime:0.000028s ]
INFO: [ app_end ] --END-- [ RunTime:0.000070s ]

[ 2017-03-15T18:09:14+08:00 ] ::1 /project/FirstDemo/index.php/Home/login/login
INFO: [ app_init ] --START--
INFO: [ app_init ] --END-- [ RunTime:0.000257s ]
INFO: [ path_info ] --START--
INFO: [ path_info ] --END-- [ RunTime:0.000025s ]
INFO: [ app_begin ] --START--
INFO: Run Behavior\ReadHtmlCache [ RunTime:0.000047s ]
INFO: [ app_begin ] --END-- [ RunTime:0.000111s ]
INFO: [ action_begin ] --START--
INFO: [ action_begin ] --END-- [ RunTime:0.000021s ]
SQL: SHOW COLUMNS FROM `userinfo` [ RunTime:0.005672s ]
SQL: INSERT INTO `userinfo` (`userName`,`passward`) VALUES ('hahah','12344') [ RunTime:0.000614s ]
SQL: SELECT * FROM `userinfo`  [ RunTime:0.000414s ]
INFO: [ app_end ] --START--
INFO: Run Behavior\ShowPageTrace [ RunTime:0.000044s ]
INFO: [ app_end ] --END-- [ RunTime:0.000119s ]

[ 2017-03-15T18:09:16+08:00 ] ::1 /project/FirstDemo/index.php/Home/login/login
INFO: [ app_init ] --START--
INFO: [ app_init ] --END-- [ RunTime:0.000267s ]
INFO: [ path_info ] --START--
INFO: [ path_info ] --END-- [ RunTime:0.000019s ]
INFO: [ app_begin ] --START--
INFO: Run Behavior\ReadHtmlCache [ RunTime:0.000030s ]
INFO: [ app_begin ] --END-- [ RunTime:0.000069s ]
INFO: [ action_begin ] --START--
INFO: [ action_begin ] --END-- [ RunTime:0.000022s ]
SQL: SHOW COLUMNS FROM `userinfo` [ RunTime:0.001746s ]
SQL: INSERT INTO `userinfo` (`userName`,`passward`) VALUES ('hahah','12344') [ RunTime:0.000594s ]
SQL: SELECT * FROM `userinfo`  [ RunTime:0.000240s ]
INFO: [ app_end ] --START--
INFO: Run Behavior\ShowPageTrace [ RunTime:0.000028s ]
INFO: [ app_end ] --END-- [ RunTime:0.000069s ]

[ 2017-03-15T18:09:17+08:00 ] ::1 /project/FirstDemo/index.php/Home/login/login
INFO: [ app_init ] --START--
INFO: [ app_init ] --END-- [ RunTime:0.000239s ]
INFO: [ path_info ] --START--
INFO: [ path_info ] --END-- [ RunTime:0.000017s ]
INFO: [ app_begin ] --START--
INFO: Run Behavior\ReadHtmlCache [ RunTime:0.000029s ]
INFO: [ app_begin ] --END-- [ RunTime:0.000067s ]
INFO: [ action_begin ] --START--
INFO: [ action_begin ] --END-- [ RunTime:0.000020s ]
SQL: SHOW COLUMNS FROM `userinfo` [ RunTime:0.005562s ]
SQL: INSERT INTO `userinfo` (`userName`,`passward`) VALUES ('hahah','12344') [ RunTime:0.000582s ]
SQL: SELECT * FROM `userinfo`  [ RunTime:0.000279s ]
INFO: [ app_end ] --START--
INFO: Run Behavior\ShowPageTrace [ RunTime:0.000036s ]
INFO: [ app_end ] --END-- [ RunTime:0.000091s ]

[ 2017-03-15T18:10:35+08:00 ] ::1 /project/FirstDemo/index.php/Home/login/login
INFO: [ app_init ] --START--
INFO: [ app_init ] --END-- [ RunTime:0.000489s ]
INFO: [ path_info ] --START--
INFO: [ path_info ] --END-- [ RunTime:0.000020s ]
INFO: [ app_begin ] --START--
INFO: Run Behavior\ReadHtmlCache [ RunTime:0.000030s ]
INFO: [ app_begin ] --END-- [ RunTime:0.000070s ]
INFO: [ action_begin ] --START--
INFO: [ action_begin ] --END-- [ RunTime:0.000031s ]
SQL: SHOW COLUMNS FROM `user_info` [ RunTime:0.001474s ]
SQL: INSERT INTO `user_info` (`userName`,`passward`) VALUES ('hahah','12344') [ RunTime:0.000724s ]
SQL: SELECT * FROM `user_info`  [ RunTime:0.000247s ]
INFO: [ app_end ] --START--
INFO: Run Behavior\ShowPageTrace [ RunTime:0.000028s ]
INFO: [ app_end ] --END-- [ RunTime:0.000071s ]

[ 2017-03-15T18:10:54+08:00 ] ::1 /project/FirstDemo/index.php/Home/login/login
INFO: [ app_init ] --START--
INFO: [ app_init ] --END-- [ RunTime:0.000467s ]
INFO: [ path_info ] --START--
INFO: [ path_info ] --END-- [ RunTime:0.000018s ]
INFO: [ app_begin ] --START--
INFO: Run Behavior\ReadHtmlCache [ RunTime:0.000031s ]
INFO: [ app_begin ] --END-- [ RunTime:0.000071s ]
INFO: [ action_begin ] --START--
INFO: [ action_begin ] --END-- [ RunTime:0.000026s ]
SQL: SHOW COLUMNS FROM `user_info` [ RunTime:0.001428s ]
SQL: INSERT INTO `user_info` (`userName`,`passward`) VALUES ('hahah','12344') [ RunTime:0.000695s ]
SQL: SELECT * FROM `user_info`  [ RunTime:0.000238s ]
INFO: [ app_end ] --START--
INFO: Run Behavior\ShowPageTrace [ RunTime:0.000029s ]
INFO: [ app_end ] --END-- [ RunTime:0.000073s ]

[ 2017-03-15T18:10:56+08:00 ] ::1 /project/FirstDemo/index.php/Home/login/login
INFO: [ app_init ] --START--
INFO: [ app_init ] --END-- [ RunTime:0.000242s ]
INFO: [ path_info ] --START--
INFO: [ path_info ] --END-- [ RunTime:0.000019s ]
INFO: [ app_begin ] --START--
INFO: Run Behavior\ReadHtmlCache [ RunTime:0.000030s ]
INFO: [ app_begin ] --END-- [ RunTime:0.000068s ]
INFO: [ action_begin ] --START--
INFO: [ action_begin ] --END-- [ RunTime:0.000020s ]
SQL: SHOW COLUMNS FROM `user_info` [ RunTime:0.005388s ]
SQL: INSERT INTO `user_info` (`userName`,`passward`) VALUES ('hahah','12344') [ RunTime:0.000538s ]
SQL: SELECT * FROM `user_info`  [ RunTime:0.000221s ]
INFO: [ app_end ] --START--
INFO: Run Behavior\ShowPageTrace [ RunTime:0.000029s ]
INFO: [ app_end ] --END-- [ RunTime:0.000070s ]

[ 2017-03-15T18:10:57+08:00 ] ::1 /project/FirstDemo/index.php/Home/login/login
INFO: [ app_init ] --START--
INFO: [ app_init ] --END-- [ RunTime:0.000274s ]
INFO: [ path_info ] --START--
INFO: [ path_info ] --END-- [ RunTime:0.000018s ]
INFO: [ app_begin ] --START--
INFO: Run Behavior\ReadHtmlCache [ RunTime:0.000031s ]
INFO: [ app_begin ] --END-- [ RunTime:0.000069s ]
INFO: [ action_begin ] --START--
INFO: [ action_begin ] --END-- [ RunTime:0.000021s ]
SQL: SHOW COLUMNS FROM `user_info` [ RunTime:0.001837s ]
SQL: INSERT INTO `user_info` (`userName`,`passward`) VALUES ('hahah','12344') [ RunTime:0.000493s ]
SQL: SELECT * FROM `user_info`  [ RunTime:0.000241s ]
INFO: [ app_end ] --START--
INFO: Run Behavior\ShowPageTrace [ RunTime:0.000029s ]
INFO: [ app_end ] --END-- [ RunTime:0.000070s ]

[ 2017-03-15T18:10:58+08:00 ] ::1 /project/FirstDemo/index.php/Home/login/login
INFO: [ app_init ] --START--
INFO: [ app_init ] --END-- [ RunTime:0.000237s ]
INFO: [ path_info ] --START--
INFO: [ path_info ] --END-- [ RunTime:0.000029s ]
INFO: [ app_begin ] --START--
INFO: Run Behavior\ReadHtmlCache [ RunTime:0.000045s ]
INFO: [ app_begin ] --END-- [ RunTime:0.000110s ]
INFO: [ action_begin ] --START--
INFO: [ action_begin ] --END-- [ RunTime:0.000021s ]
SQL: SHOW COLUMNS FROM `user_info` [ RunTime:0.006202s ]
SQL: INSERT INTO `user_info` (`userName`,`passward`) VALUES ('hahah','12344') [ RunTime:0.000578s ]
SQL: SELECT * FROM `user_info`  [ RunTime:0.000346s ]
INFO: [ app_end ] --START--
INFO: Run Behavior\ShowPageTrace [ RunTime:0.000042s ]
INFO: [ app_end ] --END-- [ RunTime:0.000109s ]

[ 2017-03-15T18:11:00+08:00 ] ::1 /project/FirstDemo/index.php/Home/login/login
INFO: [ app_init ] --START--
INFO: [ app_init ] --END-- [ RunTime:0.000427s ]
INFO: [ path_info ] --START--
INFO: [ path_info ] --END-- [ RunTime:0.000060s ]
INFO: [ app_begin ] --START--
INFO: Run Behavior\ReadHtmlCache [ RunTime:0.000050s ]
INFO: [ app_begin ] --END-- [ RunTime:0.000132s ]
INFO: [ action_begin ] --START--
INFO: [ action_begin ] --END-- [ RunTime:0.000039s ]
SQL: SHOW COLUMNS FROM `user_info` [ RunTime:0.002202s ]
SQL: INSERT INTO `user_info` (`userName`,`passward`) VALUES ('hahah','12344') [ RunTime:0.000507s ]
SQL: SELECT * FROM `user_info`  [ RunTime:0.000295s ]
INFO: [ app_end ] --START--
INFO: Run Behavior\ShowPageTrace [ RunTime:0.000039s ]
INFO: [ app_end ] --END-- [ RunTime:0.000097s ]

[ 2017-03-15T18:11:01+08:00 ] ::1 /project/FirstDemo/index.php/Home/login/login
INFO: [ app_init ] --START--
INFO: [ app_init ] --END-- [ RunTime:0.000349s ]
INFO: [ path_info ] --START--
INFO: [ path_info ] --END-- [ RunTime:0.000024s ]
INFO: [ app_begin ] --START--
INFO: Run Behavior\ReadHtmlCache [ RunTime:0.000030s ]
INFO: [ app_begin ] --END-- [ RunTime:0.000069s ]
INFO: [ action_begin ] --START--
INFO: [ action_begin ] --END-- [ RunTime:0.000020s ]
SQL: SHOW COLUMNS FROM `user_info` [ RunTime:0.005674s ]
SQL: INSERT INTO `user_info` (`userName`,`passward`) VALUES ('hahah','12344') [ RunTime:0.000540s ]
SQL: SELECT * FROM `user_info`  [ RunTime:0.000242s ]
INFO: [ app_end ] --START--
INFO: Run Behavior\ShowPageTrace [ RunTime:0.000028s ]
INFO: [ app_end ] --END-- [ RunTime:0.000070s ]

[ 2017-03-15T18:11:02+08:00 ] ::1 /project/FirstDemo/index.php/Home/login/login
INFO: [ app_init ] --START--
INFO: [ app_init ] --END-- [ RunTime:0.000417s ]
INFO: [ path_info ] --START--
INFO: [ path_info ] --END-- [ RunTime:0.000046s ]
INFO: [ app_begin ] --START--
INFO: Run Behavior\ReadHtmlCache [ RunTime:0.000033s ]
INFO: [ app_begin ] --END-- [ RunTime:0.000078s ]
INFO: [ action_begin ] --START--
INFO: [ action_begin ] --END-- [ RunTime:0.000022s ]
SQL: SHOW COLUMNS FROM `user_info` [ RunTime:0.001506s ]
SQL: INSERT INTO `user_info` (`userName`,`passward`) VALUES ('hahah','12344') [ RunTime:0.000417s ]
SQL: SELECT * FROM `user_info`  [ RunTime:0.000224s ]
INFO: [ app_end ] --START--
INFO: Run Behavior\ShowPageTrace [ RunTime:0.000028s ]
INFO: [ app_end ] --END-- [ RunTime:0.000071s ]

[ 2017-03-15T18:11:03+08:00 ] ::1 /project/FirstDemo/index.php/Home/login/login
INFO: [ app_init ] --START--
INFO: [ app_init ] --END-- [ RunTime:0.000402s ]
INFO: [ path_info ] --START--
INFO: [ path_info ] --END-- [ RunTime:0.000032s ]
INFO: [ app_begin ] --START--
INFO: Run Behavior\ReadHtmlCache [ RunTime:0.000051s ]
INFO: [ app_begin ] --END-- [ RunTime:0.000158s ]
INFO: [ action_begin ] --START--
INFO: [ action_begin ] --END-- [ RunTime:0.000033s ]
SQL: SHOW COLUMNS FROM `user_info` [ RunTime:0.001559s ]
SQL: INSERT INTO `user_info` (`userName`,`passward`) VALUES ('hahah','12344') [ RunTime:0.000452s ]
SQL: SELECT * FROM `user_info`  [ RunTime:0.000401s ]
INFO: [ app_end ] --START--
INFO: Run Behavior\ShowPageTrace [ RunTime:0.000029s ]
INFO: [ app_end ] --END-- [ RunTime:0.000071s ]

[ 2017-03-15T18:11:03+08:00 ] ::1 /project/FirstDemo/index.php/Home/login/login
INFO: [ app_init ] --START--
INFO: [ app_init ] --END-- [ RunTime:0.000230s ]
INFO: [ path_info ] --START--
INFO: [ path_info ] --END-- [ RunTime:0.000018s ]
INFO: [ app_begin ] --START--
INFO: Run Behavior\ReadHtmlCache [ RunTime:0.000029s ]
INFO: [ app_begin ] --END-- [ RunTime:0.000069s ]
INFO: [ action_begin ] --START--
INFO: [ action_begin ] --END-- [ RunTime:0.000041s ]
SQL: SHOW COLUMNS FROM `user_info` [ RunTime:0.005531s ]
SQL: INSERT INTO `user_info` (`userName`,`passward`) VALUES ('hahah','12344') [ RunTime:0.000458s ]
SQL: SELECT * FROM `user_info`  [ RunTime:0.000247s ]
INFO: [ app_end ] --START--
INFO: Run Behavior\ShowPageTrace [ RunTime:0.000029s ]
INFO: [ app_end ] --END-- [ RunTime:0.000070s ]

[ 2017-03-15T18:11:04+08:00 ] ::1 /project/FirstDemo/index.php/Home/login/login
INFO: [ app_init ] --START--
INFO: [ app_init ] --END-- [ RunTime:0.000379s ]
INFO: [ path_info ] --START--
INFO: [ path_info ] --END-- [ RunTime:0.000033s ]
INFO: [ app_begin ] --START--
INFO: Run Behavior\ReadHtmlCache [ RunTime:0.000064s ]
INFO: [ app_begin ] --END-- [ RunTime:0.000127s ]
INFO: [ action_begin ] --START--
INFO: [ action_begin ] --END-- [ RunTime:0.000023s ]
SQL: SHOW COLUMNS FROM `user_info` [ RunTime:0.001208s ]
SQL: INSERT INTO `user_info` (`userName`,`passward`) VALUES ('hahah','12344') [ RunTime:0.000432s ]
SQL: SELECT * FROM `user_info`  [ RunTime:0.000233s ]
INFO: [ app_end ] --START--
INFO: Run Behavior\ShowPageTrace [ RunTime:0.000028s ]
INFO: [ app_end ] --END-- [ RunTime:0.000070s ]

[ 2017-03-15T18:11:05+08:00 ] ::1 /project/FirstDemo/index.php/Home/login/login
INFO: [ app_init ] --START--
INFO: [ app_init ] --END-- [ RunTime:0.000272s ]
INFO: [ path_info ] --START--
INFO: [ path_info ] --END-- [ RunTime:0.000029s ]
INFO: [ app_begin ] --START--
INFO: Run Behavior\ReadHtmlCache [ RunTime:0.000031s ]
INFO: [ app_begin ] --END-- [ RunTime:0.000070s ]
INFO: [ action_begin ] --START--
INFO: [ action_begin ] --END-- [ RunTime:0.000020s ]
SQL: SHOW COLUMNS FROM `user_info` [ RunTime:0.001345s ]
SQL: INSERT INTO `user_info` (`userName`,`passward`) VALUES ('hahah','12344') [ RunTime:0.000488s ]
SQL: SELECT * FROM `user_info`  [ RunTime:0.000232s ]
INFO: [ app_end ] --START--
INFO: Run Behavior\ShowPageTrace [ RunTime:0.000029s ]
INFO: [ app_end ] --END-- [ RunTime:0.000071s ]

[ 2017-03-15T18:11:06+08:00 ] ::1 /project/FirstDemo/index.php/Home/login/login
INFO: [ app_init ] --START--
INFO: [ app_init ] --END-- [ RunTime:0.000258s ]
INFO: [ path_info ] --START--
INFO: [ path_info ] --END-- [ RunTime:0.000019s ]
INFO: [ app_begin ] --START--
INFO: Run Behavior\ReadHtmlCache [ RunTime:0.000031s ]
INFO: [ app_begin ] --END-- [ RunTime:0.000069s ]
INFO: [ action_begin ] --START--
INFO: [ action_begin ] --END-- [ RunTime:0.000020s ]
SQL: SHOW COLUMNS FROM `user_info` [ RunTime:0.001249s ]
SQL: INSERT INTO `user_info` (`userName`,`passward`) VALUES ('hahah','12344') [ RunTime:0.000390s ]
SQL: SELECT * FROM `user_info`  [ RunTime:0.000228s ]
INFO: [ app_end ] --START--
INFO: Run Behavior\ShowPageTrace [ RunTime:0.000028s ]
INFO: [ app_end ] --END-- [ RunTime:0.000069s ]

[ 2017-03-15T18:11:06+08:00 ] ::1 /project/FirstDemo/index.php/Home/login/login
INFO: [ app_init ] --START--
INFO: [ app_init ] --END-- [ RunTime:0.000383s ]
INFO: [ path_info ] --START--
INFO: [ path_info ] --END-- [ RunTime:0.000030s ]
INFO: [ app_begin ] --START--
INFO: Run Behavior\ReadHtmlCache [ RunTime:0.000048s ]
INFO: [ app_begin ] --END-- [ RunTime:0.000122s ]
INFO: [ action_begin ] --START--
INFO: [ action_begin ] --END-- [ RunTime:0.000033s ]
SQL: SHOW COLUMNS FROM `user_info` [ RunTime:0.001275s ]
SQL: INSERT INTO `user_info` (`userName`,`passward`) VALUES ('hahah','12344') [ RunTime:0.000482s ]
SQL: SELECT * FROM `user_info`  [ RunTime:0.000324s ]
INFO: [ app_end ] --START--
INFO: Run Behavior\ShowPageTrace [ RunTime:0.000028s ]
INFO: [ app_end ] --END-- [ RunTime:0.000070s ]

[ 2017-03-15T18:11:14+08:00 ] ::1 /project/FirstDemo/index.php/Home/login/login
INFO: [ app_init ] --START--
INFO: [ app_init ] --END-- [ RunTime:0.000243s ]
INFO: [ path_info ] --START--
INFO: [ path_info ] --END-- [ RunTime:0.000019s ]
INFO: [ app_begin ] --START--
INFO: Run Behavior\ReadHtmlCache [ RunTime:0.000035s ]
INFO: [ app_begin ] --END-- [ RunTime:0.000083s ]
INFO: [ action_begin ] --START--
INFO: [ action_begin ] --END-- [ RunTime:0.000020s ]
SQL: SHOW COLUMNS FROM `user_info` [ RunTime:0.005911s ]
SQL: INSERT INTO `user_info` (`userName`,`passward`) VALUES ('hahah','12344') [ RunTime:0.000567s ]
SQL: SELECT * FROM `user_info`  [ RunTime:0.000287s ]
INFO: [ app_end ] --START--
INFO: Run Behavior\ShowPageTrace [ RunTime:0.000033s ]
INFO: [ app_end ] --END-- [ RunTime:0.000086s ]

[ 2017-03-15T18:11:15+08:00 ] ::1 /project/FirstDemo/index.php/Home/login/login
INFO: [ app_init ] --START--
INFO: [ app_init ] --END-- [ RunTime:0.000453s ]
INFO: [ path_info ] --START--
INFO: [ path_info ] --END-- [ RunTime:0.000035s ]
INFO: [ app_begin ] --START--
INFO: Run Behavior\ReadHtmlCache [ RunTime:0.000048s ]
INFO: [ app_begin ] --END-- [ RunTime:0.000115s ]
INFO: [ action_begin ] --START--
INFO: [ action_begin ] --END-- [ RunTime:0.000085s ]
SQL: SHOW COLUMNS FROM `user_info` [ RunTime:0.005498s ]
SQL: INSERT INTO `user_info` (`userName`,`passward`) VALUES ('hahah','12344') [ RunTime:0.000829s ]
SQL: SELECT * FROM `user_info`  [ RunTime:0.000257s ]
INFO: [ app_end ] --START--
INFO: Run Behavior\ShowPageTrace [ RunTime:0.000029s ]
INFO: [ app_end ] --END-- [ RunTime:0.000070s ]

[ 2017-03-15T18:11:16+08:00 ] ::1 /project/FirstDemo/index.php/Home/login/login
INFO: [ app_init ] --START--
INFO: [ app_init ] --END-- [ RunTime:0.000251s ]
INFO: [ path_info ] --START--
INFO: [ path_info ] --END-- [ RunTime:0.000019s ]
INFO: [ app_begin ] --START--
INFO: Run Behavior\ReadHtmlCache [ RunTime:0.000031s ]
INFO: [ app_begin ] --END-- [ RunTime:0.000069s ]
INFO: [ action_begin ] --START--
INFO: [ action_begin ] --END-- [ RunTime:0.000020s ]
SQL: SHOW COLUMNS FROM `user_info` [ RunTime:0.003157s ]
SQL: INSERT INTO `user_info` (`userName`,`passward`) VALUES ('hahah','12344') [ RunTime:0.000477s ]
SQL: SELECT * FROM `user_info`  [ RunTime:0.000264s ]
INFO: [ app_end ] --START--
INFO: Run Behavior\ShowPageTrace [ RunTime:0.000028s ]
INFO: [ app_end ] --END-- [ RunTime:0.000070s ]

[ 2017-03-15T18:11:16+08:00 ] ::1 /project/FirstDemo/index.php/Home/login/login
INFO: [ app_init ] --START--
INFO: [ app_init ] --END-- [ RunTime:0.000247s ]
INFO: [ path_info ] --START--
INFO: [ path_info ] --END-- [ RunTime:0.000030s ]
INFO: [ app_begin ] --START--
INFO: Run Behavior\ReadHtmlCache [ RunTime:0.000046s ]
INFO: [ app_begin ] --END-- [ RunTime:0.000107s ]
INFO: [ action_begin ] --START--
INFO: [ action_begin ] --END-- [ RunTime:0.000023s ]
SQL: SHOW COLUMNS FROM `user_info` [ RunTime:0.003547s ]
SQL: INSERT INTO `user_info` (`userName`,`passward`) VALUES ('hahah','12344') [ RunTime:0.000564s ]
SQL: SELECT * FROM `user_info`  [ RunTime:0.000265s ]
INFO: [ app_end ] --START--
INFO: Run Behavior\ShowPageTrace [ RunTime:0.000029s ]
INFO: [ app_end ] --END-- [ RunTime:0.000070s ]

[ 2017-03-15T18:11:28+08:00 ] ::1 /project/FirstDemo/index.php/Home/login/login
INFO: [ app_init ] --START--
INFO: [ app_init ] --END-- [ RunTime:0.000243s ]
INFO: [ path_info ] --START--
INFO: [ path_info ] --END-- [ RunTime:0.000019s ]
INFO: [ app_begin ] --START--
INFO: Run Behavior\ReadHtmlCache [ RunTime:0.000032s ]
INFO: [ app_begin ] --END-- [ RunTime:0.000071s ]
INFO: [ action_begin ] --START--
INFO: [ action_begin ] --END-- [ RunTime:0.000021s ]
SQL: SHOW COLUMNS FROM `user_info` [ RunTime:0.001345s ]
SQL: INSERT INTO `user_info` (`userName`,`passward`) VALUES ('hahah','12344') [ RunTime:0.000448s ]
SQL: SELECT * FROM `user_info`  [ RunTime:0.000253s ]
INFO: [ app_end ] --START--
INFO: Run Behavior\ShowPageTrace [ RunTime:0.000028s ]
INFO: [ app_end ] --END-- [ RunTime:0.000070s ]

[ 2017-03-15T18:11:29+08:00 ] ::1 /project/FirstDemo/index.php/Home/login/login
INFO: [ app_init ] --START--
INFO: [ app_init ] --END-- [ RunTime:0.000542s ]
INFO: [ path_info ] --START--
INFO: [ path_info ] --END-- [ RunTime:0.000020s ]
INFO: [ app_begin ] --START--
INFO: Run Behavior\ReadHtmlCache [ RunTime:0.000031s ]
INFO: [ app_begin ] --END-- [ RunTime:0.000071s ]
INFO: [ action_begin ] --START--
INFO: [ action_begin ] --END-- [ RunTime:0.000020s ]
SQL: SHOW COLUMNS FROM `user_info` [ RunTime:0.001263s ]
SQL: INSERT INTO `user_info` (`userName`,`passward`) VALUES ('hahah','12344') [ RunTime:0.000425s ]
SQL: SELECT * FROM `user_info`  [ RunTime:0.000250s ]
INFO: [ app_end ] --START--
INFO: Run Behavior\ShowPageTrace [ RunTime:0.000028s ]
INFO: [ app_end ] --END-- [ RunTime:0.000070s ]

[ 2017-03-15T18:20:33+08:00 ] ::1 /project/FirstDemo/index.php/Home/login/login
INFO: [ app_init ] --START--
INFO: [ app_init ] --END-- [ RunTime:0.000531s ]
INFO: [ path_info ] --START--
INFO: [ path_info ] --END-- [ RunTime:0.000031s ]
INFO: [ app_begin ] --START--
INFO: Run Behavior\ReadHtmlCache [ RunTime:0.000032s ]
INFO: [ app_begin ] --END-- [ RunTime:0.000076s ]
INFO: [ action_begin ] --START--
INFO: [ action_begin ] --END-- [ RunTime:0.000028s ]
SQL: SHOW COLUMNS FROM `user_info` [ RunTime:0.001533s ]
SQL: SELECT `userName` FROM `user_info` LIMIT 1   [ RunTime:0.000317s ]
NOTIC: [2] in_array() expects parameter 2 to be array, string given /Applications/AMPPS/www/project/FirstDemo/Home/Controller/LoginController.class.php 第 24 行.
SQL: INSERT INTO `user_info` (`userName`,`passward`) VALUES ('hahah','12344') [ RunTime:0.000729s ]
SQL: SELECT * FROM `user_info`  [ RunTime:0.000237s ]
INFO: [ app_end ] --START--
INFO: Run Behavior\ShowPageTrace [ RunTime:0.000029s ]
INFO: [ app_end ] --END-- [ RunTime:0.000076s ]

[ 2017-03-15T18:21:09+08:00 ] ::1 /project/FirstDemo/index.php/Home/login/login
INFO: [ app_init ] --START--
INFO: [ app_init ] --END-- [ RunTime:0.000247s ]
INFO: [ path_info ] --START--
INFO: [ path_info ] --END-- [ RunTime:0.000019s ]
INFO: [ app_begin ] --START--
INFO: Run Behavior\ReadHtmlCache [ RunTime:0.000030s ]
INFO: [ app_begin ] --END-- [ RunTime:0.000071s ]
INFO: [ action_begin ] --START--
INFO: [ action_begin ] --END-- [ RunTime:0.000031s ]
SQL: SHOW COLUMNS FROM `user_info` [ RunTime:0.001998s ]
SQL: SELECT `userName` FROM `user_info` LIMIT 1   [ RunTime:0.000326s ]
NOTIC: [2] in_array() expects parameter 2 to be array, string given /Applications/AMPPS/www/project/FirstDemo/Home/Controller/LoginController.class.php 第 24 行.
SQL: INSERT INTO `user_info` (`userName`,`passward`) VALUES ('hahah','12344') [ RunTime:0.000776s ]
SQL: SELECT * FROM `user_info`  [ RunTime:0.000457s ]
INFO: [ app_end ] --START--
INFO: Run Behavior\ShowPageTrace [ RunTime:0.000035s ]
INFO: [ app_end ] --END-- [ RunTime:0.000106s ]

[ 2017-03-15T18:23:35+08:00 ] ::1 /project/FirstDemo/index.php/Home/login/login
INFO: [ app_init ] --START--
INFO: [ app_init ] --END-- [ RunTime:0.000611s ]
INFO: [ path_info ] --START--
INFO: [ path_info ] --END-- [ RunTime:0.000020s ]
INFO: [ app_begin ] --START--
INFO: Run Behavior\ReadHtmlCache [ RunTime:0.000031s ]
INFO: [ app_begin ] --END-- [ RunTime:0.000071s ]
INFO: [ action_begin ] --START--
INFO: [ action_begin ] --END-- [ RunTime:0.000023s ]
SQL: SHOW COLUMNS FROM `user_info` [ RunTime:0.001340s ]
NOTIC: [2] in_array() expects parameter 2 to be array, object given /Applications/AMPPS/www/project/FirstDemo/Home/Controller/LoginController.class.php 第 24 行.
SQL: INSERT INTO `user_info` (`userName`,`passward`) VALUES ('hahah','12344') [ RunTime:0.000864s ]
SQL: SELECT * FROM `user_info`  [ RunTime:0.000249s ]
INFO: [ app_end ] --START--
INFO: Run Behavior\ShowPageTrace [ RunTime:0.000028s ]
INFO: [ app_end ] --END-- [ RunTime:0.000071s ]

[ 2017-03-15T18:24:22+08:00 ] ::1 /project/FirstDemo/index.php/Home/login/login
INFO: [ app_init ] --START--
INFO: [ app_init ] --END-- [ RunTime:0.000237s ]
INFO: [ path_info ] --START--
INFO: [ path_info ] --END-- [ RunTime:0.000019s ]
INFO: [ app_begin ] --START--
INFO: Run Behavior\ReadHtmlCache [ RunTime:0.000029s ]
INFO: [ app_begin ] --END-- [ RunTime:0.000069s ]
INFO: [ action_begin ] --START--
INFO: [ action_begin ] --END-- [ RunTime:0.000021s ]
SQL: SHOW COLUMNS FROM `user_info` [ RunTime:0.005785s ]
SQL: SELECT `userName` FROM `user_info` LIMIT 1   [ RunTime:0.000253s ]
NOTIC: [2] in_array() expects parameter 2 to be array, string given /Applications/AMPPS/www/project/FirstDemo/Home/Controller/LoginController.class.php 第 24 行.
SQL: INSERT INTO `user_info` (`userName`,`passward`) VALUES ('hahah','12344') [ RunTime:0.000437s ]
SQL: SELECT * FROM `user_info`  [ RunTime:0.000246s ]
INFO: [ app_end ] --START--
INFO: Run Behavior\ShowPageTrace [ RunTime:0.000029s ]
INFO: [ app_end ] --END-- [ RunTime:0.000070s ]

[ 2017-03-15T18:25:21+08:00 ] ::1 /project/FirstDemo/index.php/Home/login/login
INFO: [ app_init ] --START--
INFO: [ app_init ] --END-- [ RunTime:0.000701s ]
INFO: [ path_info ] --START--
INFO: [ path_info ] --END-- [ RunTime:0.000024s ]
INFO: [ app_begin ] --START--
INFO: Run Behavior\ReadHtmlCache [ RunTime:0.000034s ]
INFO: [ app_begin ] --END-- [ RunTime:0.000078s ]
INFO: [ action_begin ] --START--
INFO: [ action_begin ] --END-- [ RunTime:0.000034s ]
SQL: SHOW COLUMNS FROM `user_info` [ RunTime:0.001454s ]
SQL: SELECT * FROM `user_info` WHERE ( `id` = 0 ) LIMIT 1   [ RunTime:0.001187s ]
NOTIC: [2] in_array() expects parameter 2 to be array, null given /Applications/AMPPS/www/project/FirstDemo/Home/Controller/LoginController.class.php 第 24 行.
SQL: INSERT INTO `user_info` (`userName`,`passward`) VALUES ('hahah','12344') [ RunTime:0.000801s ]
SQL: SELECT * FROM `user_info`  [ RunTime:0.000259s ]
INFO: [ app_end ] --START--
INFO: Run Behavior\ShowPageTrace [ RunTime:0.000027s ]
INFO: [ app_end ] --END-- [ RunTime:0.000070s ]

[ 2017-03-15T18:26:25+08:00 ] ::1 /project/FirstDemo/index.php/Home/login/login
INFO: [ app_init ] --START--
INFO: [ app_init ] --END-- [ RunTime:0.000242s ]
INFO: [ path_info ] --START--
INFO: [ path_info ] --END-- [ RunTime:0.000018s ]
INFO: [ app_begin ] --START--
INFO: Run Behavior\ReadHtmlCache [ RunTime:0.000030s ]
INFO: [ app_begin ] --END-- [ RunTime:0.000068s ]
INFO: [ action_begin ] --START--
INFO: [ action_begin ] --END-- [ RunTime:0.000023s ]
SQL: SHOW COLUMNS FROM `user_info` [ RunTime:0.002096s ]
SQL: SELECT `userName`,`passward` FROM `user_info`  [ RunTime:0.000343s ]
SQL: INSERT INTO `user_info` (`userName`,`passward`) VALUES ('hahah','12344') [ RunTime:0.000863s ]
SQL: SELECT * FROM `user_info`  [ RunTime:0.000412s ]
INFO: [ app_end ] --START--
INFO: Run Behavior\ShowPageTrace [ RunTime:0.000047s ]
INFO: [ app_end ] --END-- [ RunTime:0.000124s ]

[ 2017-03-15T18:27:32+08:00 ] ::1 /project/FirstDemo/index.php/Home/login/login
INFO: [ app_init ] --START--
INFO: [ app_init ] --END-- [ RunTime:0.000465s ]
INFO: [ path_info ] --START--
INFO: [ path_info ] --END-- [ RunTime:0.000018s ]
INFO: [ app_begin ] --START--
INFO: Run Behavior\ReadHtmlCache [ RunTime:0.000031s ]
INFO: [ app_begin ] --END-- [ RunTime:0.000070s ]
INFO: [ action_begin ] --START--
INFO: [ action_begin ] --END-- [ RunTime:0.000025s ]
SQL: SHOW COLUMNS FROM `user_info` [ RunTime:0.002441s ]
SQL: SELECT `userName` FROM `user_info` LIMIT 1   [ RunTime:0.000238s ]
NOTIC: [2] in_array() expects parameter 2 to be array, string given /Applications/AMPPS/www/project/FirstDemo/Home/Controller/LoginController.class.php 第 24 行.
SQL: INSERT INTO `user_info` (`userName`,`passward`) VALUES ('hahah','12344') [ RunTime:0.000431s ]
SQL: SELECT * FROM `user_info`  [ RunTime:0.000320s ]
INFO: [ app_end ] --START--
INFO: Run Behavior\ShowPageTrace [ RunTime:0.000028s ]
INFO: [ app_end ] --END-- [ RunTime:0.000070s ]

[ 2017-03-15T18:27:46+08:00 ] ::1 /project/FirstDemo/index.php/Home/login/login
INFO: [ app_init ] --START--
INFO: [ app_init ] --END-- [ RunTime:0.000271s ]
INFO: [ path_info ] --START--
INFO: [ path_info ] --END-- [ RunTime:0.000019s ]
INFO: [ app_begin ] --START--
INFO: Run Behavior\ReadHtmlCache [ RunTime:0.000032s ]
INFO: [ app_begin ] --END-- [ RunTime:0.000073s ]
INFO: [ action_begin ] --START--
INFO: [ action_begin ] --END-- [ RunTime:0.000023s ]
SQL: SHOW COLUMNS FROM `user_info` [ RunTime:0.005641s ]
SQL: SELECT `userName`,`passward` FROM `user_info`  [ RunTime:0.000334s ]
SQL: INSERT INTO `user_info` (`userName`,`passward`) VALUES ('hahah','12344') [ RunTime:0.000728s ]
SQL: SELECT * FROM `user_info`  [ RunTime:0.000303s ]
INFO: [ app_end ] --START--
INFO: Run Behavior\ShowPageTrace [ RunTime:0.000043s ]
INFO: [ app_end ] --END-- [ RunTime:0.000126s ]

[ 2017-03-15T18:28:43+08:00 ] ::1 /project/FirstDemo/index.php/Home/login/login
INFO: [ app_init ] --START--
INFO: [ app_init ] --END-- [ RunTime:0.000515s ]
INFO: [ path_info ] --START--
INFO: [ path_info ] --END-- [ RunTime:0.000018s ]
INFO: [ app_begin ] --START--
INFO: Run Behavior\ReadHtmlCache [ RunTime:0.000032s ]
INFO: [ app_begin ] --END-- [ RunTime:0.000072s ]
INFO: [ action_begin ] --START--
INFO: [ action_begin ] --END-- [ RunTime:0.000020s ]
SQL: SHOW COLUMNS FROM `user_info` [ RunTime:0.001317s ]
SQL: SELECT `userName`,`passward` FROM `user_info`  [ RunTime:0.000241s ]
SQL: INSERT INTO `user_info` (`userName`,`passward`) VALUES ('hahah','12344') [ RunTime:0.000681s ]
SQL: SELECT * FROM `user_info`  [ RunTime:0.000242s ]
INFO: [ app_end ] --START--
INFO: Run Behavior\ShowPageTrace [ RunTime:0.000029s ]
INFO: [ app_end ] --END-- [ RunTime:0.000081s ]

[ 2017-03-15T18:29:09+08:00 ] ::1 /project/FirstDemo/index.php/Home/login/login
INFO: [ app_init ] --START--
INFO: [ app_init ] --END-- [ RunTime:0.000342s ]
INFO: [ path_info ] --START--
INFO: [ path_info ] --END-- [ RunTime:0.000027s ]
INFO: [ app_begin ] --START--
INFO: Run Behavior\ReadHtmlCache [ RunTime:0.000043s ]
INFO: [ app_begin ] --END-- [ RunTime:0.000104s ]
INFO: [ action_begin ] --START--
INFO: [ action_begin ] --END-- [ RunTime:0.000029s ]
SQL: SHOW COLUMNS FROM `user_info` [ RunTime:0.005650s ]
SQL: SELECT `userName`,`passward` FROM `user_info`  [ RunTime:0.000253s ]
SQL: INSERT INTO `user_info` (`userName`,`passward`) VALUES ('hahah','12344') [ RunTime:0.000442s ]
SQL: SELECT * FROM `user_info`  [ RunTime:0.000225s ]
INFO: [ app_end ] --START--
INFO: Run Behavior\ShowPageTrace [ RunTime:0.000029s ]
INFO: [ app_end ] --END-- [ RunTime:0.000071s ]

[ 2017-03-15T18:29:24+08:00 ] ::1 /project/FirstDemo/index.php/Home/login/login
INFO: [ app_init ] --START--
INFO: [ app_init ] --END-- [ RunTime:0.000328s ]
INFO: [ path_info ] --START--
INFO: [ path_info ] --END-- [ RunTime:0.000018s ]
INFO: [ app_begin ] --START--
INFO: Run Behavior\ReadHtmlCache [ RunTime:0.000031s ]
INFO: [ app_begin ] --END-- [ RunTime:0.000069s ]
INFO: [ action_begin ] --START--
INFO: [ action_begin ] --END-- [ RunTime:0.000021s ]
SQL: SHOW COLUMNS FROM `user_info` [ RunTime:0.005769s ]
SQL: SELECT `userName` FROM `user_info` LIMIT 1   [ RunTime:0.000361s ]
NOTIC: [2] in_array() expects parameter 2 to be array, string given /Applications/AMPPS/www/project/FirstDemo/Home/Controller/LoginController.class.php 第 24 行.
SQL: INSERT INTO `user_info` (`userName`,`passward`) VALUES ('hahah','12344') [ RunTime:0.001338s ]
SQL: SELECT * FROM `user_info`  [ RunTime:0.000479s ]
INFO: [ app_end ] --START--
INFO: Run Behavior\ShowPageTrace [ RunTime:0.000057s ]
INFO: [ app_end ] --END-- [ RunTime:0.000127s ]

[ 2017-03-15T18:30:57+08:00 ] ::1 /project/FirstDemo/index.php/Home/login/login
INFO: [ app_init ] --START--
INFO: [ app_init ] --END-- [ RunTime:0.000476s ]
INFO: [ path_info ] --START--
INFO: [ path_info ] --END-- [ RunTime:0.000018s ]
INFO: [ app_begin ] --START--
INFO: Run Behavior\ReadHtmlCache [ RunTime:0.000032s ]
INFO: [ app_begin ] --END-- [ RunTime:0.000070s ]
INFO: [ action_begin ] --START--
INFO: [ action_begin ] --END-- [ RunTime:0.000020s ]
SQL: SHOW COLUMNS FROM `user_info` [ RunTime:0.001281s ]
NOTIC: [2] in_array() expects parameter 2 to be array, null given /Applications/AMPPS/www/project/FirstDemo/Home/Controller/LoginController.class.php 第 24 行.
SQL: INSERT INTO `user_info` (`userName`,`passward`) VALUES ('hahah','12344') [ RunTime:0.001096s ]
SQL: SELECT * FROM `user_info`  [ RunTime:0.000303s ]
INFO: [ app_end ] --START--
INFO: Run Behavior\ShowPageTrace [ RunTime:0.000043s ]
INFO: [ app_end ] --END-- [ RunTime:0.000110s ]

[ 2017-03-15T18:31:35+08:00 ] ::1 /project/FirstDemo/index.php/Home/login/login
INFO: [ app_init ] --START--
INFO: [ app_init ] --END-- [ RunTime:0.000481s ]
INFO: [ path_info ] --START--
INFO: [ path_info ] --END-- [ RunTime:0.000018s ]
INFO: [ app_begin ] --START--
INFO: Run Behavior\ReadHtmlCache [ RunTime:0.000031s ]
INFO: [ app_begin ] --END-- [ RunTime:0.000071s ]
INFO: [ action_begin ] --START--
INFO: [ action_begin ] --END-- [ RunTime:0.000020s ]
SQL: SHOW COLUMNS FROM `user_info` [ RunTime:0.001358s ]
NOTIC: [2] in_array() expects parameter 2 to be array, null given /Applications/AMPPS/www/project/FirstDemo/Home/Controller/LoginController.class.php 第 24 行.
SQL: INSERT INTO `user_info` (`userName`,`passward`) VALUES ('hahah','12344') [ RunTime:0.000641s ]
SQL: SELECT * FROM `user_info`  [ RunTime:0.000262s ]
INFO: [ app_end ] --START--
INFO: Run Behavior\ShowPageTrace [ RunTime:0.000028s ]
INFO: [ app_end ] --END-- [ RunTime:0.000067s ]

[ 2017-03-15T18:32:36+08:00 ] ::1 /project/FirstDemo/index.php/Home/login/login
INFO: [ app_init ] --START--
INFO: [ app_init ] --END-- [ RunTime:0.000469s ]
INFO: [ path_info ] --START--
INFO: [ path_info ] --END-- [ RunTime:0.000024s ]
INFO: [ app_begin ] --START--
INFO: Run Behavior\ReadHtmlCache [ RunTime:0.000033s ]
INFO: [ app_begin ] --END-- [ RunTime:0.000081s ]
INFO: [ action_begin ] --START--
INFO: [ action_begin ] --END-- [ RunTime:0.000023s ]
SQL: SHOW COLUMNS FROM `user_info` [ RunTime:0.001659s ]
NOTIC: [2] Missing argument 1 for Think\Model::field(), called in /Applications/AMPPS/www/project/FirstDemo/Home/Controller/LoginController.class.php on line 23 and defined /Applications/AMPPS/www/project/FirstDemo/ThinkPHP/Library/Think/Model.class.php 第 1445 行.
NOTIC: [8] Undefined variable: field /Applications/AMPPS/www/project/FirstDemo/ThinkPHP/Library/Think/Model.class.php 第 1446 行.
NOTIC: [8] Undefined variable: field /Applications/AMPPS/www/project/FirstDemo/ThinkPHP/Library/Think/Model.class.php 第 1456 行.
NOTIC: [2] in_array() expects parameter 2 to be array, null given /Applications/AMPPS/www/project/FirstDemo/Home/Controller/LoginController.class.php 第 24 行.
SQL: INSERT INTO `user_info` (`userName`,`passward`) VALUES ('hahah','12344') [ RunTime:0.000627s ]
SQL: SELECT * FROM `user_info`  [ RunTime:0.000395s ]
INFO: [ app_end ] --START--
INFO: Run Behavior\ShowPageTrace [ RunTime:0.000037s ]
INFO: [ app_end ] --END-- [ RunTime:0.000091s ]

[ 2017-03-15T18:33:00+08:00 ] ::1 /project/FirstDemo/index.php/Home/login/login
INFO: [ app_init ] --START--
INFO: [ app_init ] --END-- [ RunTime:0.000431s ]
INFO: [ path_info ] --START--
INFO: [ path_info ] --END-- [ RunTime:0.000035s ]
INFO: [ app_begin ] --START--
INFO: Run Behavior\ReadHtmlCache [ RunTime:0.000051s ]
INFO: [ app_begin ] --END-- [ RunTime:0.000144s ]
INFO: [ action_begin ] --START--
INFO: [ action_begin ] --END-- [ RunTime:0.000042s ]
SQL: SHOW COLUMNS FROM `user_info` [ RunTime:0.002328s ]
NOTIC: [2] Missing argument 1 for Think\Model::field(), called in /Applications/AMPPS/www/project/FirstDemo/Home/Controller/LoginController.class.php on line 23 and defined /Applications/AMPPS/www/project/FirstDemo/ThinkPHP/Library/Think/Model.class.php 第 1445 行.
NOTIC: [8] Undefined variable: field /Applications/AMPPS/www/project/FirstDemo/ThinkPHP/Library/Think/Model.class.php 第 1446 行.
NOTIC: [8] Undefined variable: field /Applications/AMPPS/www/project/FirstDemo/ThinkPHP/Library/Think/Model.class.php 第 1456 行.
NOTIC: [2] in_array() expects parameter 2 to be array, null given /Applications/AMPPS/www/project/FirstDemo/Home/Controller/LoginController.class.php 第 24 行.
SQL: SELECT * FROM `user_info`  [ RunTime:0.000353s ]
INFO: [ app_end ] --START--
INFO: Run Behavior\ShowPageTrace [ RunTime:0.000045s ]
INFO: [ app_end ] --END-- [ RunTime:0.000136s ]

[ 2017-03-15T18:34:18+08:00 ] ::1 /project/FirstDemo/index.php/Home/login/login
INFO: [ app_init ] --START--
INFO: [ app_init ] --END-- [ RunTime:0.000431s ]
INFO: [ path_info ] --START--
INFO: [ path_info ] --END-- [ RunTime:0.000032s ]
INFO: [ app_begin ] --START--
INFO: Run Behavior\ReadHtmlCache [ RunTime:0.000049s ]
INFO: [ app_begin ] --END-- [ RunTime:0.000118s ]
INFO: [ action_begin ] --START--
INFO: [ action_begin ] --END-- [ RunTime:0.000035s ]
SQL: SHOW COLUMNS FROM `user_info` [ RunTime:0.001593s ]
NOTIC: [2] in_array() expects parameter 2 to be array, null given /Applications/AMPPS/www/project/FirstDemo/Home/Controller/LoginController.class.php 第 24 行.
SQL: SELECT `passward`,`id` FROM `user_info`  [ RunTime:0.000333s ]
INFO: [ app_end ] --START--
INFO: Run Behavior\ShowPageTrace [ RunTime:0.000045s ]
INFO: [ app_end ] --END-- [ RunTime:0.000129s ]

[ 2017-03-15T18:34:46+08:00 ] ::1 /project/FirstDemo/index.php/Home/login/login
INFO: [ app_init ] --START--
INFO: [ app_init ] --END-- [ RunTime:0.000451s ]
INFO: [ path_info ] --START--
INFO: [ path_info ] --END-- [ RunTime:0.000032s ]
INFO: [ app_begin ] --START--
INFO: Run Behavior\ReadHtmlCache [ RunTime:0.000053s ]
INFO: [ app_begin ] --END-- [ RunTime:0.000125s ]
INFO: [ action_begin ] --START--
INFO: [ action_begin ] --END-- [ RunTime:0.000049s ]
SQL: SHOW COLUMNS FROM `user_info` [ RunTime:0.005935s ]
NOTIC: [2] in_array() expects parameter 2 to be array, null given /Applications/AMPPS/www/project/FirstDemo/Home/Controller/LoginController.class.php 第 24 行.
SQL: SELECT `userName`,`passward` FROM `user_info`  [ RunTime:0.000400s ]
INFO: [ app_end ] --START--
INFO: Run Behavior\ShowPageTrace [ RunTime:0.000038s ]
INFO: [ app_end ] --END-- [ RunTime:0.000108s ]

[ 2017-03-15T18:35:14+08:00 ] ::1 /project/FirstDemo/index.php/Home/login/login
INFO: [ app_init ] --START--
INFO: [ app_init ] --END-- [ RunTime:0.000425s ]
INFO: [ path_info ] --START--
INFO: [ path_info ] --END-- [ RunTime:0.000035s ]
INFO: [ app_begin ] --START--
INFO: Run Behavior\ReadHtmlCache [ RunTime:0.000046s ]
INFO: [ app_begin ] --END-- [ RunTime:0.000111s ]
INFO: [ action_begin ] --START--
INFO: [ action_begin ] --END-- [ RunTime:0.000040s ]
SQL: SHOW COLUMNS FROM `user_info` [ RunTime:0.005976s ]
SQL: SELECT `userName`,`passward` FROM `user_info`  [ RunTime:0.000308s ]
NOTIC: [8] Array to string conversion /Applications/AMPPS/www/project/FirstDemo/Home/Controller/LoginController.class.php 第 25 行.
SQL: SELECT * FROM `user_info`  [ RunTime:0.000241s ]
INFO: [ app_end ] --START--
INFO: Run Behavior\ShowPageTrace [ RunTime:0.000029s ]
INFO: [ app_end ] --END-- [ RunTime:0.000106s ]

[ 2017-03-15T18:35:31+08:00 ] ::1 /project/FirstDemo/index.php/Home/login/login
INFO: [ app_init ] --START--
INFO: [ app_init ] --END-- [ RunTime:0.000416s ]
INFO: [ path_info ] --START--
INFO: [ path_info ] --END-- [ RunTime:0.000056s ]
INFO: [ app_begin ] --START--
INFO: Run Behavior\ReadHtmlCache [ RunTime:0.000032s ]
INFO: [ app_begin ] --END-- [ RunTime:0.000075s ]
INFO: [ action_begin ] --START--
INFO: [ action_begin ] --END-- [ RunTime:0.000024s ]
SQL: SHOW COLUMNS FROM `user_info` [ RunTime:0.006206s ]
SQL: SELECT `userName`,`passward` FROM `user_info`  [ RunTime:0.000473s ]
SQL: SELECT * FROM `user_info`  [ RunTime:0.000383s ]
INFO: [ app_end ] --START--
INFO: Run Behavior\ShowPageTrace [ RunTime:0.000049s ]
INFO: [ app_end ] --END-- [ RunTime:0.000128s ]

[ 2017-03-15T18:35:53+08:00 ] ::1 /project/FirstDemo/index.php/Home/login/login
INFO: [ app_init ] --START--
INFO: [ app_init ] --END-- [ RunTime:0.000412s ]
INFO: [ path_info ] --START--
INFO: [ path_info ] --END-- [ RunTime:0.000168s ]
INFO: [ app_begin ] --START--
INFO: Run Behavior\ReadHtmlCache [ RunTime:0.000070s ]
INFO: [ app_begin ] --END-- [ RunTime:0.000139s ]
INFO: [ action_begin ] --START--
INFO: [ action_begin ] --END-- [ RunTime:0.000049s ]
SQL: SHOW COLUMNS FROM `user_info` [ RunTime:0.006206s ]
SQL: SELECT `passward`,`id` FROM `user_info`  [ RunTime:0.000441s ]
SQL: SELECT * FROM `user_info`  [ RunTime:0.000570s ]
INFO: [ app_end ] --START--
INFO: Run Behavior\ShowPageTrace [ RunTime:0.000047s ]
INFO: [ app_end ] --END-- [ RunTime:0.000136s ]

[ 2017-03-15T18:36:16+08:00 ] ::1 /project/FirstDemo/index.php/Home/login/login
INFO: [ app_init ] --START--
INFO: [ app_init ] --END-- [ RunTime:0.000407s ]
INFO: [ path_info ] --START--
INFO: [ path_info ] --END-- [ RunTime:0.000031s ]
INFO: [ app_begin ] --START--
INFO: Run Behavior\ReadHtmlCache [ RunTime:0.000050s ]
INFO: [ app_begin ] --END-- [ RunTime:0.000121s ]
INFO: [ action_begin ] --START--
INFO: [ action_begin ] --END-- [ RunTime:0.000037s ]
SQL: SHOW COLUMNS FROM `user_info` [ RunTime:0.001813s ]
SQL: SELECT * FROM `user_info`  [ RunTime:0.000318s ]
SQL: SELECT * FROM `user_info`  [ RunTime:0.000310s ]
INFO: [ app_end ] --START--
INFO: Run Behavior\ShowPageTrace [ RunTime:0.000042s ]
INFO: [ app_end ] --END-- [ RunTime:0.000111s ]

[ 2017-03-15T18:37:00+08:00 ] ::1 /project/FirstDemo/index.php/Home/login/login
INFO: [ app_init ] --START--
INFO: [ app_init ] --END-- [ RunTime:0.000387s ]
INFO: [ path_info ] --START--
INFO: [ path_info ] --END-- [ RunTime:0.000030s ]
INFO: [ app_begin ] --START--
INFO: Run Behavior\ReadHtmlCache [ RunTime:0.000046s ]
INFO: [ app_begin ] --END-- [ RunTime:0.000108s ]
INFO: [ action_begin ] --START--
INFO: [ action_begin ] --END-- [ RunTime:0.000032s ]
SQL: SHOW COLUMNS FROM `user_info` [ RunTime:0.006034s ]
SQL: SELECT `userName` FROM `user_info`  [ RunTime:0.000332s ]
SQL: SELECT * FROM `user_info`  [ RunTime:0.000302s ]
INFO: [ app_end ] --START--
INFO: Run Behavior\ShowPageTrace [ RunTime:0.000044s ]
INFO: [ app_end ] --END-- [ RunTime:0.000114s ]

[ 2017-03-15T18:38:35+08:00 ] ::1 /project/FirstDemo/index.php/Home/login/login
INFO: [ app_init ] --START--
INFO: [ app_init ] --END-- [ RunTime:0.000421s ]
INFO: [ path_info ] --START--
INFO: [ path_info ] --END-- [ RunTime:0.000032s ]
INFO: [ app_begin ] --START--
INFO: Run Behavior\ReadHtmlCache [ RunTime:0.000056s ]
INFO: [ app_begin ] --END-- [ RunTime:0.000150s ]
INFO: [ action_begin ] --START--
INFO: [ action_begin ] --END-- [ RunTime:0.000042s ]
SQL: SHOW COLUMNS FROM `user_info` [ RunTime:0.004895s ]
SQL: SELECT `userName` FROM `user_info`  [ RunTime:0.001731s ]
SQL: SELECT * FROM `user_info`  [ RunTime:0.002245s ]
INFO: [ app_end ] --START--
INFO: Run Behavior\ShowPageTrace [ RunTime:0.000048s ]
INFO: [ app_end ] --END-- [ RunTime:0.000143s ]

[ 2017-03-15T18:38:53+08:00 ] ::1 /project/FirstDemo/index.php/Home/login/login
INFO: [ app_init ] --START--
INFO: [ app_init ] --END-- [ RunTime:0.000415s ]
INFO: [ path_info ] --START--
INFO: [ path_info ] --END-- [ RunTime:0.000030s ]
INFO: [ app_begin ] --START--
INFO: Run Behavior\ReadHtmlCache [ RunTime:0.000054s ]
INFO: [ app_begin ] --END-- [ RunTime:0.000160s ]
INFO: [ action_begin ] --START--
INFO: [ action_begin ] --END-- [ RunTime:0.000047s ]
SQL: SHOW COLUMNS FROM `user_info` [ RunTime:0.001844s ]
SQL: SELECT `userName` FROM `user_info`  [ RunTime:0.000314s ]
SQL: SELECT * FROM `user_info`  [ RunTime:0.000252s ]
INFO: [ app_end ] --START--
INFO: Run Behavior\ShowPageTrace [ RunTime:0.000029s ]
INFO: [ app_end ] --END-- [ RunTime:0.000085s ]

[ 2017-03-15T18:39:44+08:00 ] ::1 /project/FirstDemo/index.php/Home/login/login
INFO: [ app_init ] --START--
INFO: [ app_init ] --END-- [ RunTime:0.000442s ]
INFO: [ path_info ] --START--
INFO: [ path_info ] --END-- [ RunTime:0.000033s ]
INFO: [ app_begin ] --START--
INFO: Run Behavior\ReadHtmlCache [ RunTime:0.000051s ]
INFO: [ app_begin ] --END-- [ RunTime:0.000141s ]
INFO: [ action_begin ] --START--
INFO: [ action_begin ] --END-- [ RunTime:0.000040s ]
SQL: SHOW COLUMNS FROM `user_info` [ RunTime:0.001825s ]
SQL: SELECT `userName` FROM `user_info`  [ RunTime:0.000392s ]
SQL: INSERT INTO `user_info` (`userName`,`passward`) VALUES ('hahah','12344') [ RunTime:0.000737s ]
SQL: SELECT * FROM `user_info`  [ RunTime:0.000334s ]
INFO: [ app_end ] --START--
INFO: Run Behavior\ShowPageTrace [ RunTime:0.000046s ]
INFO: [ app_end ] --END-- [ RunTime:0.000120s ]

[ 2017-03-15T18:40:16+08:00 ] ::1 /project/FirstDemo/index.php/Home/login/login
INFO: [ app_init ] --START--
INFO: [ app_init ] --END-- [ RunTime:0.000401s ]
INFO: [ path_info ] --START--
INFO: [ path_info ] --END-- [ RunTime:0.000031s ]
INFO: [ app_begin ] --START--
INFO: Run Behavior\ReadHtmlCache [ RunTime:0.000047s ]
INFO: [ app_begin ] --END-- [ RunTime:0.000124s ]
INFO: [ action_begin ] --START--
INFO: [ action_begin ] --END-- [ RunTime:0.000042s ]
SQL: SHOW COLUMNS FROM `user_info` [ RunTime:0.002540s ]
SQL: SELECT `userName` FROM `user_info`  [ RunTime:0.000533s ]
SQL: INSERT INTO `user_info` (`userName`,`passward`) VALUES ('hahah','12344') [ RunTime:0.001086s ]
SQL: SELECT * FROM `user_info`  [ RunTime:0.000461s ]
INFO: [ app_end ] --START--
INFO: Run Behavior\ShowPageTrace [ RunTime:0.000076s ]
INFO: [ app_end ] --END-- [ RunTime:0.000149s ]

[ 2017-03-15T18:40:37+08:00 ] ::1 /project/FirstDemo/index.php/Home/login/login
INFO: [ app_init ] --START--
INFO: [ app_init ] --END-- [ RunTime:0.000380s ]
INFO: [ path_info ] --START--
INFO: [ path_info ] --END-- [ RunTime:0.000031s ]
INFO: [ app_begin ] --START--
INFO: Run Behavior\ReadHtmlCache [ RunTime:0.000041s ]
INFO: [ app_begin ] --END-- [ RunTime:0.000088s ]
INFO: [ action_begin ] --START--
INFO: [ action_begin ] --END-- [ RunTime:0.000036s ]
SQL: SHOW COLUMNS FROM `user_info` [ RunTime:0.005740s ]
SQL: SELECT `userName` FROM `user_info`  [ RunTime:0.000336s ]
SQL: SELECT * FROM `user_info`  [ RunTime:0.000301s ]
INFO: [ app_end ] --START--
INFO: Run Behavior\ShowPageTrace [ RunTime:0.000046s ]
INFO: [ app_end ] --END-- [ RunTime:0.000119s ]

[ 2017-03-15T18:41:05+08:00 ] ::1 /project/FirstDemo/index.php/Home/login/login
INFO: [ app_init ] --START--
INFO: [ app_init ] --END-- [ RunTime:0.000407s ]
INFO: [ path_info ] --START--
INFO: [ path_info ] --END-- [ RunTime:0.000029s ]
INFO: [ app_begin ] --START--
INFO: Run Behavior\ReadHtmlCache [ RunTime:0.000053s ]
INFO: [ app_begin ] --END-- [ RunTime:0.000123s ]
INFO: [ action_begin ] --START--
INFO: [ action_begin ] --END-- [ RunTime:0.000045s ]
SQL: SHOW COLUMNS FROM `user_info` [ RunTime:0.001737s ]
SQL: SELECT `userName` FROM `user_info`  [ RunTime:0.000336s ]
SQL: SELECT * FROM `user_info`  [ RunTime:0.000256s ]
INFO: [ app_end ] --START--
INFO: Run Behavior\ShowPageTrace [ RunTime:0.000042s ]
INFO: [ app_end ] --END-- [ RunTime:0.000110s ]

[ 2017-03-15T18:41:30+08:00 ] ::1 /project/FirstDemo/index.php/Home/login/login
INFO: [ app_init ] --START--
INFO: [ app_init ] --END-- [ RunTime:0.000386s ]
INFO: [ path_info ] --START--
INFO: [ path_info ] --END-- [ RunTime:0.000027s ]
INFO: [ app_begin ] --START--
INFO: Run Behavior\ReadHtmlCache [ RunTime:0.000044s ]
INFO: [ app_begin ] --END-- [ RunTime:0.000101s ]
INFO: [ action_begin ] --START--
INFO: [ action_begin ] --END-- [ RunTime:0.000073s ]
SQL: SHOW COLUMNS FROM `user_info` [ RunTime:0.006514s ]
SQL: SELECT `userName` FROM `user_info`  [ RunTime:0.000444s ]
SQL: SELECT * FROM `user_info`  [ RunTime:0.000357s ]
INFO: [ app_end ] --START--
INFO: Run Behavior\ShowPageTrace [ RunTime:0.000042s ]
INFO: [ app_end ] --END-- [ RunTime:0.000139s ]

