[ 2017-04-15T10:24:04+08:00 ] ::1 /project/FirstDemo/
INFO: [ app_init ] --START--
INFO: [ app_init ] --END-- [ RunTime:0.000664s ]
INFO: [ app_begin ] --START--
INFO: Run Behavior\ReadHtmlCache [ RunTime:0.000053s ]
INFO: [ app_begin ] --END-- [ RunTime:0.000121s ]
INFO: [ action_begin ] --START--
INFO: [ action_begin ] --END-- [ RunTime:0.000039s ]

[ 2017-04-15T10:24:13+08:00 ] ::1 /project/FirstDemo/index.php/home/login/login
INFO: [ app_init ] --START--
INFO: [ app_init ] --END-- [ RunTime:0.000289s ]
INFO: [ path_info ] --START--
INFO: [ path_info ] --END-- [ RunTime:0.000019s ]
INFO: [ app_begin ] --START--
INFO: Run Behavior\ReadHtmlCache [ RunTime:0.000062s ]
INFO: [ app_begin ] --END-- [ RunTime:0.000118s ]
INFO: [ action_begin ] --START--
INFO: [ action_begin ] --END-- [ RunTime:0.000054s ]
INFO: [ app_end ] --START--
INFO: Run Behavior\ShowPageTrace [ RunTime:0.000033s ]
INFO: [ app_end ] --END-- [ RunTime:0.000105s ]

[ 2017-04-15T10:24:30+08:00 ] ::1 /project/FirstDemo/index.php/home/login/loginbase
INFO: [ app_init ] --START--
INFO: [ app_init ] --END-- [ RunTime:0.000231s ]
INFO: [ path_info ] --START--
INFO: [ path_info ] --END-- [ RunTime:0.000018s ]
INFO: [ app_begin ] --START--
INFO: Run Behavior\ReadHtmlCache [ RunTime:0.000030s ]
INFO: [ app_begin ] --END-- [ RunTime:0.000067s ]
INFO: [ action_begin ] --START--
INFO: [ action_begin ] --END-- [ RunTime:0.000030s ]
INFO: [ view_begin ] --START--
INFO: [ view_begin ] --END-- [ RunTime:0.000017s ]
INFO: [ view_parse ] --START--
INFO: [ template_filter ] --START--
INFO: Run Behavior\ContentReplace [ RunTime:0.000048s ]
INFO: [ template_filter ] --END-- [ RunTime:0.000116s ]
INFO: Run Behavior\ParseTemplate [ RunTime:0.010387s ]
INFO: [ view_parse ] --END-- [ RunTime:0.010437s ]
INFO: [ view_filter ] --START--
INFO: Run Behavior\WriteHtmlCache [ RunTime:0.000010s ]
INFO: [ view_filter ] --END-- [ RunTime:0.000041s ]
INFO: [ view_end ] --START--
INFO: [ view_end ] --END-- [ RunTime:0.000012s ]
INFO: [ app_end ] --START--
INFO: Run Behavior\ShowPageTrace [ RunTime:0.000023s ]
INFO: [ app_end ] --END-- [ RunTime:0.000052s ]

[ 2017-04-15T13:05:47+08:00 ] ::1 /project/FirstDemo/index.php/admin/login/index
ERR: 无法加载控制器:Login

[ 2017-04-15T13:06:14+08:00 ] ::1 /project/FirstDemo/index.php/admin/index/index
ERR: 无法加载控制器:Index

[ 2017-04-15T13:07:33+08:00 ] ::1 /project/FirstDemo/index.php/admin/index/index
ERR: 无法加载控制器:Index

[ 2017-04-15T13:07:42+08:00 ] ::1 /project/FirstDemo/index.php/admin/Index/index
ERR: 无法加载控制器:Index

[ 2017-04-15T13:11:19+08:00 ] ::1 /project/FirstDemo/index.php/admin/Index/index
ERR: 非法操作:index

